The portion of third-party host that can track users
--------------------------------------------------
0.503649635036
======================================================================


The pie diagram for the tracked request
--------------------------------------------------
admaxserver.com 1 6.3415562179e-05
cdninstagram.com 60 0.00380493373074
adsonar.com 21 0.00133172680576
questionmarket.com 10 0.00063415562179
intellitxt.com 32 0.00202929798973
atdmt.com 24 0.0015219734923
mama.com.cn 2 0.000126831124358
advombat.ru 4 0.000253662248716
liveperson.net 16 0.00101464899486
du3vkre908mr5.cloudfront.net 1 6.3415562179e-05
demandbase.com 9 0.000570740059611
jsrdn.com 4 0.000253662248716
5min.com 73 0.00462933603906
xingcloud.com 1 6.3415562179e-05
getfavicon.appspot.com 5 0.000317077810895
webink.com 1 6.3415562179e-05
exelator.com 56 0.00355127148202
expedia.com 31 0.00196588242755
tfd.com 63 0.00399518041727
maps.googleapis.com 10 0.00063415562179
dnfp6oyord4uf.cloudfront.net 1 6.3415562179e-05
hugetraffic.com 2 0.000126831124358
pho.to 14 0.000887817870505
stirileprotv.ro 252 0.0159807216691
spotxchange.com 2 0.000126831124358
lekkigardens.com 1 6.3415562179e-05
flickr.com 6 0.000380493373074
photobucket.com 214 0.0135709303063
rfihub.com 8 0.000507324497432
pricegrabber.com 4 0.000253662248716
casalemedia.com 7 0.000443908935253
meta.ua 5 0.000317077810895
tvlcdn.com 1 6.3415562179e-05
mtvnservices.com 28 0.00177563574101
allcdn.net 1 6.3415562179e-05
impact-ad.jp 2 0.000126831124358
weborama.fr 5 0.000317077810895
chitika.net 12 0.000760986746148
yieldmanager.net 1 6.3415562179e-05
postimg.org 22 0.00139514236794
vkontakte.ru 9 0.000570740059611
ioam.de 206 0.0130636058089
chzbgr.com 1 6.3415562179e-05
xnxx.com 2 0.000126831124358
ero-advertising.com 45 0.00285370029805
flyertown.ca 4 0.000253662248716
popin.cc 2 0.000126831124358
ubr.ua 1 6.3415562179e-05
adobe.com 41 0.00260003804934
deviantart.net 1 6.3415562179e-05
skimresources.com 89 0.00564398503393
mookie1.com 11 0.000697571183969
ziffdavis.com 1 6.3415562179e-05
sina.com.cn 7 0.000443908935253
cursecdn.com 120 0.00760986746148
yamojir.com 1 6.3415562179e-05
mzstatic.com 11 0.000697571183969
hostgator.com 1 6.3415562179e-05
crwdcntrl.net 191 0.0121123723762
ukr.net 15 0.000951233432684
adap.tv 9 0.000570740059611
google.com.hk 4 0.000253662248716
kuaibo.com 2 0.000126831124358
glam.com 24 0.0015219734923
francetvinfo.fr 14 0.000887817870505
fastpic.ru 5 0.000317077810895
simpli.fi 11 0.000697571183969
beringmedia.com 2 0.000126831124358
bankia.es 4 0.000253662248716
yahoo.co.jp 16 0.00101464899486
sstatic.net 42 0.00266345361152
clickfuse.com 12 0.000760986746148
adscale.de 19 0.0012048956814
wsj.com 2 0.000126831124358
civicscience.com 4 0.000253662248716
mmstat.com 11 0.000697571183969
82.222.152.134. 1 6.3415562179e-05
ebayrtm.com 29 0.00183905130319
wtp101.com 9 0.000570740059611
google.es 28 0.00177563574101
revsci.net 199 0.0126196968736
qq.com 70 0.00443908935253
paypal.com 11 0.000697571183969
performgroup.com 100 0.0063415562179
bpsecure.com 1 6.3415562179e-05
turner.com 426 0.0270150294882
nx.com 5 0.000317077810895
elmundo.es 6 0.000380493373074
sbnation.com 17 0.00107806455704
swoop.com 7 0.000443908935253
trb.com 17 0.00107806455704
google.ru 2 0.000126831124358
allegro.pl 11 0.000697571183969
foodnetwork.com 1 6.3415562179e-05
ookla.com 10 0.00063415562179
linkedin.com 134 0.00849768533198
imageshack.com 6 0.000380493373074
m2pub.com 1 6.3415562179e-05
yatra.com 4 0.000253662248716
skinected.com 1 6.3415562179e-05
adnxs.com 84 0.00532690722303
adnetwork.vn 1 6.3415562179e-05
ning.com 174 0.0110343078191
banggood.com 4 0.000253662248716
rtv.net 2 0.000126831124358
go.com 103 0.00653180290443
estat.com 59 0.00374151816856
marca.com 14 0.000887817870505
netsolssl.com 2 0.000126831124358
squarespace.com 16 0.00101464899486
api.tv 6 0.000380493373074
dmtracker.com 24 0.0015219734923
adsrvr.org 9 0.000570740059611
vindicosuite.com 2 0.000126831124358
mcafeesecure.com 6 0.000380493373074
195.68.160.161. 4 0.000253662248716
criteo.com 37 0.00234637580062
trbimg.com 40 0.00253662248716
media6degrees.com 4 0.000253662248716
ebay.fr 2 0.000126831124358
standaardcdn.be 7 0.000443908935253
supersport.com 1 6.3415562179e-05
sakshi.net 6 0.000380493373074
htmlgoodies.com 1 6.3415562179e-05
contextweb.com 5 0.000317077810895
dzone.com 1 6.3415562179e-05
pubmatic.com 14 0.000887817870505
imageg.net 1 6.3415562179e-05
lp4.io 10 0.00063415562179
livejasmincdn.com 2 0.000126831124358
abc.com 16 0.00101464899486
synacor.com 24 0.0015219734923
pingdom.com 4 0.000253662248716
nbcnews.com 58 0.00367810260638
rambler.ru 152 0.0096391654512
d9ae99824.se 1 6.3415562179e-05
ndtvimg.com 8 0.000507324497432
statcounter.com 97 0.00615130953136
pathofexile.com 3 0.000190246686537
minijuegosgratis.com 1 6.3415562179e-05
media.net 20 0.00126831124358
random-gal.com 3 0.000190246686537
realitatea.net 2 0.000126831124358
eyeota.net 2 0.000126831124358
tiqcdn.com 31 0.00196588242755
circularhub.com 5 0.000317077810895
cstatic.net 1 6.3415562179e-05
scanalert.com 23 0.00145855793012
wordpress.com 1127 0.0714693385757
pinterest.com 187 0.0118587101275
twitter-badges.s3.amazonaws.com 1 6.3415562179e-05
zedo.com 94 0.00596106284482
himediads.com 9 0.000570740059611
msn.com 18 0.00114148011922
tqlkg.com 1 6.3415562179e-05
sharethis.com 212 0.0134440991819
193.164.197.40. 29 0.00183905130319
postimage.org 1 6.3415562179e-05
optimizely.com 708 0.0448982180227
audienceiq.com 2 0.000126831124358
digg.com 15 0.000951233432684
d7lavoz.s3.amazonaws.com 1 6.3415562179e-05
usa.gov 25 0.00158538905447
directrev.com 18 0.00114148011922
quantserve.com 404 0.0256198871203
mapquestapi.com 1 6.3415562179e-05
gwallet.com 2 0.000126831124358
yieldoptimizer.com 2 0.000126831124358
curse.com 3 0.000190246686537
mailchimp.com 19 0.0012048956814
tinypic.com 47 0.00298053142241
viooz.co 4 0.000253662248716
vk.com 81 0.0051366605365
outbrain.com 138 0.0087513475807
youtube.com 177 0.0112245545057
boomads.com 3 0.000190246686537
magazineluiza.com.br 1 6.3415562179e-05
ypcdn.com 1 6.3415562179e-05
pro-market.net 22 0.00139514236794
begun.ru 5 0.000317077810895
insightexpressai.com 30 0.00190246686537
mediaforge.com 22 0.00139514236794
tynt.com 26 0.00164880461665
infolinks.com 46 0.00291711586023
expansion.com 2 0.000126831124358
vente-privee-analytics.com 1 6.3415562179e-05
blogads.com 1 6.3415562179e-05
interclick.com 5 0.000317077810895
reddit.com 21 0.00133172680576
mediaplex.com 6 0.000380493373074
investingchannel.com 1 6.3415562179e-05
cuantarazon.com 4 0.000253662248716
indeed.com 4 0.000253662248716
adblade.com 17 0.00107806455704
rubiconproject.com 44 0.00279028473587
canberratimes.com.au 1 6.3415562179e-05
365jia.cn 2 0.000126831124358
khabarfarsi.com 1 6.3415562179e-05
gamespot.com.cn 4 0.000253662248716
tachthongtin.com 1 6.3415562179e-05
persgroep.be 6 0.000380493373074
i24.cc 1 6.3415562179e-05
adform.net 11 0.000697571183969
bizographics.com 6 0.000380493373074
adtech.de 29 0.00183905130319
theoatmeal.com 1 6.3415562179e-05
195.68.160.166. 3 0.000190246686537
adyoulike.com 5 0.000317077810895
360.cn 6 0.000380493373074
tripadvisor.com 21 0.00133172680576
smilevideo.jp 345 0.0218783689517
shinystat.com 8 0.000507324497432
usps.com 6 0.000380493373074
surveymonkey.com 6 0.000380493373074
fastclick.net 38 0.0024097913628
craigslist.org 10 0.00063415562179
onextrapixel.com 3 0.000190246686537
asiaone.com 1 6.3415562179e-05
logmein.com 43 0.0027268691737
walmart.com 10 0.00063415562179
sitetag.us 1 6.3415562179e-05
fnac.com 65 0.00412201154163
yandex.st 15 0.000951233432684
cdnnordea.com 1 6.3415562179e-05
sinauda.com 4 0.000253662248716
luxnet.ua 2 0.000126831124358
skype.com 16 0.00101464899486
google.com.vn 8 0.000507324497432
qip.ru 5 0.000317077810895
terra.com.br 6 0.000380493373074
gsimedia.net 6 0.000380493373074
yieldmanager.com 7 0.000443908935253
xiti.com 4 0.000253662248716
yieldlab.net 5 0.000317077810895
yandex.ru 208 0.0131904369332
terra.com.mx 5 0.000317077810895
comcast.net 12 0.000760986746148
collective-media.net 9 0.000570740059611
knet.cn 15 0.000951233432684
sscdn.co 1 6.3415562179e-05
netshelter.net 6 0.000380493373074
voicefive.com 3 0.000190246686537
amazon.fr 13 0.000824402308326
mozilla.org 100 0.0063415562179
channelintelligence.com 19 0.0012048956814
stumbleupon.com 18 0.00114148011922
google.com.my 6 0.000380493373074
bemobile.ua 1 6.3415562179e-05
vine.co 5 0.000317077810895
cars.com 9 0.000570740059611
smartadserver.com 76 0.0048195827256
livedoor.com 37 0.00234637580062
ad4game.com 1 6.3415562179e-05
iesnare.com 4 0.000253662248716
zimbio.com 1 6.3415562179e-05
cheki.com.ng 1 6.3415562179e-05
softpedia.com 4 0.000253662248716
imageshack.us 89 0.00564398503393
zvents.com 5 0.000317077810895
aspnetcdn.com 24 0.0015219734923
bitstamp.net 2 0.000126831124358
google.com.sa 5 0.000317077810895
pcmag.com 1 6.3415562179e-05
allyes.com 111 0.00703912740186
imrworldwide.com 162 0.010273321073
leadpages.net 1 6.3415562179e-05
pbimgs.com 75 0.00475616716342
addthis.com 591 0.0374785972478
apple.com 27 0.00171222017883
j-a-net.jp 1 6.3415562179e-05
watoday.com.au 1 6.3415562179e-05
zdbb.net 25 0.00158538905447
aol.com 4 0.000253662248716
ebz.io 22 0.00139514236794
yadro.ru 98 0.00621472509354
adriver.ru 19 0.0012048956814
canadaalltax.com 1 6.3415562179e-05
vnecdn.net 7 0.000443908935253
oewabox.at 13 0.000824402308326
redcdn.pl 1 6.3415562179e-05
xlisting.jp 1 6.3415562179e-05
subito.it 31 0.00196588242755
pixnet.cc 13 0.000824402308326
ultimedia.com 4 0.000253662248716
uploading.com 1 6.3415562179e-05
bing.com 12 0.000760986746148
amgdgt.com 7 0.000443908935253
ivillage.com 11 0.000697571183969
theknot.com 5 0.000317077810895
csstatic.com 51 0.00323419367113
193.164.197.60. 13 0.000824402308326
kinja.com 44 0.00279028473587
serving-sys.com 37 0.00234637580062
usmagazine.com 4 0.000253662248716
gazeta.pl 215 0.0136343458685
fmpub.net 31 0.00196588242755
upw-prod-images.global.ssl.fastly.net 15 0.000951233432684
vente-privee.com 2 0.000126831124358
cimg.in 3 0.000190246686537
archdaily.net 158 0.0100196588243
cwan.com 3 0.000190246686537
adingo.jp 14 0.000887817870505
24timezones.com 2 0.000126831124358
adreactor.com 5 0.000317077810895
tentaculos.net 12 0.000760986746148
scorecardresearch.com 351 0.0222588623248
cdnblog.fr 15 0.000951233432684
richrelevance.com 47 0.00298053142241
popcash.net 5 0.000317077810895
ca-mpr.jp 1 6.3415562179e-05
ist-track.com 3 0.000190246686537
193.164.196.60. 13 0.000824402308326
baidu.com 164 0.0104001521973
gumgum.com 28 0.00177563574101
ivwbox.de 44 0.00279028473587
bizrate.com 21 0.00133172680576
jabong.com 11 0.000697571183969
atwola.com 1 6.3415562179e-05
195.68.160.95. 4 0.000253662248716
aufeminin.com 33 0.00209271355191
demdex.net 22 0.00139514236794
bleepstatic.com 8 0.000507324497432
csdata1.com 6 0.000380493373074
mybuys.com 54 0.00342444035766
dafiti.com.br 2 0.000126831124358
dmoz.org 5 0.000317077810895
imgur.com 147 0.00932208764031
pingdom.net 32 0.00202929798973
waterfrontmedia.com 5 0.000317077810895
newsinc.com 58 0.00367810260638
gigya.com 189 0.0119855412518
bleacherreport.net 11 0.000697571183969
microsoft.com 23 0.00145855793012
wefiles.net 1 6.3415562179e-05
clip.com.vn 2 0.000126831124358
bestofmicro.com 3 0.000190246686537
tmcdn.co.nz 21 0.00133172680576
taboola.com 17 0.00107806455704
bbb.org 11 0.000697571183969
sensis.com.au 1 6.3415562179e-05
cloudflare.com 243 0.0154099816095
tmz.com 5 0.000317077810895
virtualearth.net 2 0.000126831124358
doubleclick.net 642 0.0407127909189
uimserv.net 1 6.3415562179e-05
specificclick.net 3 0.000190246686537
po.st 38 0.0024097913628
lijit.com 20 0.00126831124358
google.fr 5 0.000317077810895
ad6media.fr 13 0.000824402308326
adtechus.com 22 0.00139514236794
typography.com 21 0.00133172680576
bbc.co.uk 9 0.000570740059611
recaptcha.net 4 0.000253662248716
zemanta.com 3 0.000190246686537
tumblr.com 52 0.00329760923331
am15.net 5 0.000317077810895
levexis.com 3 0.000190246686537
pop-music.ir 1 6.3415562179e-05
alicdn.com 48 0.00304394698459
mywebsearch.com 7 0.000443908935253
servebom.com 5 0.000317077810895
ebay.com 44 0.00279028473587
informer.com 11 0.000697571183969
taboolasyndication.com 32 0.00202929798973
mail.ru 46 0.00291711586023
trackalyzer.com 8 0.000507324497432
nanigans.com 6 0.000380493373074
google.co.in 8 0.000507324497432
cbsi.com 18 0.00114148011922
yahoo.com 84 0.00532690722303
twitter.com 636 0.0403322975458
advertising.com 49 0.00310736254677
amazon-adsystem.com 96 0.00608789396918
truehits.net 2 0.000126831124358
d1mqe0bl913lpg.cloudfront.net 2 0.000126831124358
polldaddy.com 25 0.00158538905447
d1avok0lzls2w.cloudfront.net 2 0.000126831124358
sharethrough.com 7 0.000443908935253
looyu.com 1 6.3415562179e-05
imagefap.com 73 0.00462933603906
squidoocdn.com 93 0.00589764728264
turn.com 20 0.00126831124358
lavanetwork.net 1 6.3415562179e-05
scupio.com 2 0.000126831124358
cafepress.com 4 0.000253662248716
onswipe.com 4 0.000253662248716
sulia.com 2 0.000126831124358
nk-img.com 11 0.000697571183969
radikal.ru 9 0.000570740059611
twitpic.com 2 0.000126831124358
uaprom.net 2 0.000126831124358
mixi.jp 5 0.000317077810895
lavozdelinterior.com.ar 5 0.000317077810895
mmafighting.com 4 0.000253662248716
tendatta.com 2 0.000126831124358
click.ro 2 0.000126831124358
dfo9svwruwoho.cloudfront.net 2 0.000126831124358
facebook.com 603 0.0382395839939
195.68.160.183. 2 0.000126831124358
tapad.com 2 0.000126831124358
adgear.com 4 0.000253662248716
fwmrm.net 1 6.3415562179e-05
ayads.co 6 0.000380493373074
bang5mai.com 248 0.0157270594204
nbcudigitaladops.com 12 0.000760986746148
bstatic.com 30 0.00190246686537
ads4pubs.com 3 0.000190246686537
mathtag.com 27 0.00171222017883
google.com.pk 8 0.000507324497432
google.com.ph 3 0.000190246686537
kwejk.pl 1 6.3415562179e-05
sogou.com 9 0.000570740059611
domainstatic.com.au 5 0.000317077810895
======================================================================


The pie diagram for the identifier locations
--------------------------------------------------
[['cookie', 243], ['param', 144], ['cookie and param', 26]]
======================================================================


The number of referred hosts for each tracking host
--------------------------------------------------
admaxserver.com 1
cdninstagram.com 3
adsonar.com 9
questionmarket.com 6
apple.com 4
atdmt.com 19
mama.com.cn 2
advombat.ru 2
liveperson.net 10
du3vkre908mr5.cloudfront.net 1
demandbase.com 4
adtech.de 7
5min.com 8
mmstat.com 3
webink.com 1
exelator.com 20
expedia.com 2
tfd.com 3
maps.googleapis.com 9
adyoulike.com 1
hugetraffic.com 2
pho.to 1
stirileprotv.ro 3
spotxchange.com 2
lekkigardens.com 1
flickr.com 3
photobucket.com 11
rfihub.com 6
pricegrabber.com 2
casalemedia.com 5
meta.ua 1
tvlcdn.com 1
mtvnservices.com 5
sogou.com 2
allcdn.net 1
impact-ad.jp 1
weborama.fr 5
chitika.net 3
yieldmanager.net 1
postimg.org 2
vkontakte.ru 5
ioam.de 54
chzbgr.com 1
xnxx.com 1
ero-advertising.com 7
getfavicon.appspot.com 1
popin.cc 2
ubr.ua 1
adobe.com 23
deviantart.net 1
skimresources.com 28
mookie1.com 4
ziffdavis.com 1
sina.com.cn 2
cursecdn.com 2
yamojir.com 1
mzstatic.com 2
hostgator.com 1
tmcdn.co.nz 1
ukr.net 4
tmz.com 2
google.com.hk 1
kuaibo.com 2
glam.com 6
francetvinfo.fr 2
fastpic.ru 1
simpli.fi 4
beringmedia.com 1
bankia.es 1
yahoo.co.jp 11
sstatic.net 2
clickfuse.com 4
adscale.de 3
wsj.com 1
civicscience.com 3
xingcloud.com 1
82.222.152.134. 1
ebayrtm.com 3
zemanta.com 2
google.es 6
revsci.net 57
qq.com 22
paypal.com 8
performgroup.com 23
bpsecure.com 1
turner.com 7
nx.com 1
elmundo.es 1
am15.net 1
swoop.com 2
trb.com 3
google.ru 1
allegro.pl 3
foodnetwork.com 1
ookla.com 1
linkedin.com 58
imageshack.com 3
m2pub.com 1
yatra.com 2
skinected.com 1
adnxs.com 28
contextweb.com 2
adnetwork.vn 1
ning.com 4
banggood.com 1
rtv.net 1
go.com 3
estat.com 16
marca.com 3
netsolssl.com 1
logmein.com 1
api.tv 2
dmtracker.com 7
ivillage.com 2
vindicosuite.com 2
mcafeesecure.com 5
criteo.com 22
trbimg.com 3
shinystat.com 3
media6degrees.com 3
ebay.fr 1
standaardcdn.be 1
ebay.com 9
sakshi.net 1
htmlgoodies.com 1
gazeta.pl 3
dzone.com 1
pubmatic.com 5
imageg.net 1
lp4.io 4
livejasmincdn.com 1
abc.com 1
synacor.com 2
pingdom.com 2
nbcnews.com 4
rambler.ru 39
d9ae99824.se 1
ndtvimg.com 1
statcounter.com 32
pathofexile.com 1
minijuegosgratis.com 1
media.net 5
trackalyzer.com 3
random-gal.com 1
realitatea.net 1
eyeota.net 1
tiqcdn.com 14
circularhub.com 4
195.68.160.161. 1
scanalert.com 20
wordpress.com 63
pinterest.com 79
twitter-badges.s3.amazonaws.com 1
zedo.com 40
himediads.com 2
msn.com 5
tqlkg.com 1
sharethis.com 77
193.164.197.40. 1
postimage.org 1
optimizely.com 222
audienceiq.com 1
digg.com 2
d7lavoz.s3.amazonaws.com 1
usa.gov 4
directrev.com 8
quantserve.com 140
mapquestapi.com 1
gwallet.com 2
yieldoptimizer.com 2
curse.com 1
mailchimp.com 7
tinypic.com 5
viooz.co 1
vk.com 34
outbrain.com 59
youtube.com 32
boomads.com 1
magazineluiza.com.br 1
ypcdn.com 1
pro-market.net 9
begun.ru 2
insightexpressai.com 9
comcast.net 1
tynt.com 12
tentaculos.net 2
squarespace.com 2
vente-privee-analytics.com 1
blogads.com 1
interclick.com 5
reddit.com 9
mediaplex.com 6
investingchannel.com 1
cuantarazon.com 1
indeed.com 2
adblade.com 7
rubiconproject.com 21
canberratimes.com.au 1
365jia.cn 1
khabarfarsi.com 1
gamespot.com.cn 2
tachthongtin.com 1
persgroep.be 2
i24.cc 1
adform.net 6
jsrdn.com 2
theoatmeal.com 1
195.68.160.166. 1
dnfp6oyord4uf.cloudfront.net 1
360.cn 5
tripadvisor.com 2
smilevideo.jp 2
adap.tv 2
usps.com 2
surveymonkey.com 1
fastclick.net 14
craigslist.org 3
onextrapixel.com 1
asiaone.com 1
infolinks.com 12
walmart.com 3
sitetag.us 1
fnac.com 2
yandex.st 4
cdnnordea.com 1
sinauda.com 1
luxnet.ua 1
skype.com 4
google.com.vn 3
qip.ru 1
gsimedia.net 2
yieldmanager.com 7
onswipe.com 2
yieldlab.net 3
ca-mpr.jp 1
terra.com.mx 2
mediaforge.com 9
collective-media.net 7
knet.cn 11
sscdn.co 1
netshelter.net 2
terra.com.br 2
amazon.fr 2
mozilla.org 1
channelintelligence.com 4
leadpages.net 1
google.com.my 3
bemobile.ua 1
vine.co 1
cars.com 1
amgdgt.com 3
livedoor.com 3
ad4game.com 1
iesnare.com 4
zimbio.com 1
cheki.com.ng 1
softpedia.com 3
imageshack.us 5
zvents.com 4
aspnetcdn.com 8
bitstamp.net 1
google.com.sa 3
pcmag.com 1
allyes.com 6
imrworldwide.com 50
stumbleupon.com 5
pbimgs.com 1
addthis.com 222
intellitxt.com 12
j-a-net.jp 1
watoday.com.au 1
zdbb.net 5
aol.com 3
ebz.io 8
yadro.ru 49
adriver.ru 6
cstatic.net 1
canadaalltax.com 1
vnecdn.net 1
oewabox.at 4
redcdn.pl 1
xlisting.jp 1
subito.it 1
pixnet.cc 1
ultimedia.com 1
bing.com 3
smartadserver.com 22
adsrvr.org 7
theknot.com 1
csstatic.com 2
193.164.197.60. 1
kinja.com 8
serving-sys.com 21
usmagazine.com 1
uploading.com 1
fmpub.net 11
upw-prod-images.global.ssl.fastly.net 1
vente-privee.com 1
cimg.in 1
archdaily.net 1
cwan.com 1
adingo.jp 4
24timezones.com 2
adreactor.com 3
expansion.com 1
scorecardresearch.com 112
cdnblog.fr 1
richrelevance.com 16
popcash.net 1
yandex.ru 71
ist-track.com 2
193.164.196.60. 1
baidu.com 56
gumgum.com 10
ivwbox.de 15
bizrate.com 9
jabong.com 2
atwola.com 1
195.68.160.95. 1
aufeminin.com 2
demdex.net 11
bleepstatic.com 1
csdata1.com 3
mybuys.com 7
dafiti.com.br 2
dmoz.org 4
imgur.com 23
pingdom.net 10
waterfrontmedia.com 1
newsinc.com 20
gigya.com 57
bleacherreport.net 1
microsoft.com 5
clip.com.vn 1
bestofmicro.com 1
crwdcntrl.net 46
taboola.com 6
bbb.org 11
sensis.com.au 1
cloudflare.com 60
virtualearth.net 1
doubleclick.net 172
uimserv.net 1
specificclick.net 3
po.st 17
lijit.com 6
google.fr 3
voicefive.com 3
adtechus.com 13
typography.com 11
ad6media.fr 5
bbc.co.uk 4
recaptcha.net 4
wtp101.com 4
tumblr.com 15
sbnation.com 6
levexis.com 3
pop-music.ir 1
alicdn.com 3
mywebsearch.com 3
servebom.com 2
supersport.com 1
informer.com 2
taboolasyndication.com 8
mail.ru 18
bizographics.com 5
nanigans.com 6
google.co.in 3
cbsi.com 10
yahoo.com 16
twitter.com 253
advertising.com 28
amazon-adsystem.com 25
truehits.net 1
d1mqe0bl913lpg.cloudfront.net 2
polldaddy.com 14
d1avok0lzls2w.cloudfront.net 1
sharethrough.com 3
looyu.com 1
imagefap.com 2
squidoocdn.com 1
turn.com 14
lavanetwork.net 1
scupio.com 2
cafepress.com 1
flyertown.ca 3
xiti.com 4
sulia.com 1
google.com.pk 3
radikal.ru 4
twitpic.com 2
uaprom.net 1
mixi.jp 2
lavozdelinterior.com.ar 1
mmafighting.com 1
tendatta.com 2
click.ro 1
dfo9svwruwoho.cloudfront.net 1
facebook.com 49
195.68.160.183. 1
tapad.com 1
adgear.com 1
fwmrm.net 1
ayads.co 2
bang5mai.com 1
nbcudigitaladops.com 2
bstatic.com 2
ads4pubs.com 1
mathtag.com 16
nk-img.com 1
google.com.ph 2
kwejk.pl 1
wefiles.net 1
domainstatic.com.au 1
