43074
26338
host number 616
token number 101249
====================Finding Sub-string Start====================
Host 1 / 616: adsonar.com
The terminator is :  Ϩ
The string length is 43
The number of requests is 1
----------------------------------------------------------------------
js/asljson.js----1.0
======================================================================
Done.


Host 2 / 616: questionmarket.com
The terminator is :  Ϩ
The string length is 5204
The number of requests is 6
----------------------------------------------------------------------
duration%3d992145-3483_%26adver_id%3d64b96b76-4ed5-4d44-8fdd-270c9e83840d&duration=992145-3509_----1.0
----------------------------------------------------------------------
/ad_radar.php?ord=[randnum]----0.5
----------------------------------------------------------------------
1134746-y[vco-0_1146010-p|vco-0_1124269-^9wco-3_1145035->hwco-0_1149611-=iwco-0_1132913-["vco-}(_1086807-a$vco-4)_1042080-g)vco-3)_1036654-7)vco-r)_724925-r?vco-3)_992124-o@vco-8)_1120128-u$vco-wd1_1152228-@bwco-4)_1042020-zfwco-v)_1145631-/9wco-i@----1.0
----------------------------------------------------------------------
1132913-1-2_56946826-40-2_1120128-1-2_1189118-60-6_1114012-59-2_725047-8-1_57292073-8-1_57441812-9-2_57616754-16-1_57616752-16-1_1124269-1-2_1152275-5-2_1108335-12-14_57705636-4-1_725047-4-1_57832944-52-1----1.0
----------------------------------------------------------------------
_1086807-2-103327352_1134746-1-106922706_1146010-2-107161363_1145631-1-106847710_1145631-1-106847711_1132913-1-473423453_1132913-1-813558_1132913-1-473791341_1145893-1-106181470_1145893-1-105666185_1145631-1-106847726----1.0
----------------------------------------------------------------------
adsc/d10----0.5
======================================================================
Done.


Host 3 / 616: atdmt.com
The terminator is :  Ϩ
The string length is 1003
The number of requests is 4
----------------------------------------------------------------------
www/view/470643001/direct/01/----0.5
----------------------------------------------------------------------
3ef894b62ed26e96294e928a2dd26e00----1.0
----------------------------------------------------------------------
1400210731-3446853----1.0
----------------------------------------------------------------------
1.1400210731.991599121261346294.ayiznvshj6lowjpt3oy----1.0
======================================================================
Done.


Host 4 / 616: liveinternet.ru
The terminator is :  Ϩ
The string length is 33
The number of requests is 1
----------------------------------------------------------------------
favicon.ico----1.0
======================================================================
Done.


Host 5 / 616: commondatastorage.googleapis.com
The terminator is :  Ϩ
The string length is 126
The number of requests is 1
----------------------------------------------------------------------
code.snapengage.com/js/d5c1efed-d0ef-4fca-8c7d-faff398ad272.js----1.0
======================================================================
Done.


Host 6 / 616: tqn.com
The terminator is :  Ϩ
The string length is 10326
The number of requests is 205
======================================================================
Done.


Host 7 / 616: 2o7.net
The terminator is :  Ϩ
The string length is 5318
The number of requests is 4
----------------------------------------------------------------------
b/ss/amznsrvs----1.0
----------------------------------------------------------------------
services.----0.5
----------------------------------------------------------------------
prod,amznsrvseumainprod,amznsrvs----0.5
----------------------------------------------------------------------
prod/1/h.----0.5
----------------------------------------------------------------------
dev,amznsrvseumaindev/1/h.22.1/s8----0.5
----------------------------------------------------------------------
.html----0.5
----------------------------------------------------------------------
20%3a1----0.5
----------------------------------------------------------------------
2014%2019%3a----0.5
----------------------------------------------------------------------
3?aqb=1&ndh=1&t=20%2f4%2f2014%2020%3a----0.5
----------------------------------------------------------------------
0%202%20300&----0.5
----------------------------------------------------------------------
031&cc=usd&ch=----0.5
----------------------------------------------------------------------
&ns=amazonservices&pagename=----0.5
----------------------------------------------------------------------
&pagename=u----0.5
----------------------------------------------------------------------
&g=http%3a%2f%2fwww.amazon.co----0.5
----------------------------------------------------------------------
&cc=usd&ch=u----0.5
----------------------------------------------------------------------
&c23=u----0.5
----------------------------------------------------------------------
%2fb%2fref%3dtopnav_sell%2f27----0.5
----------------------------------------------------------------------
%3a20%----0.5
----------------------------------------------------------------------
%3aamzn%3asoa%3alanding&g=http%3a%2f%2fwww.amazon.----0.5
----------------------------------------------------------------------
%3aamzn%3asoa%3alanding&v27=typed%2fbookmarked&s=1024x768&c=24&j=1.7&v=n&k=y&bw=838&bh=182&p=shockwave%20flash%3bgnome%20shell%20integration%3bitunes%20application%20detector%3b&aqe=1----0.5
----------------------------------------------------------------------
%3aamzn%3asoa&v0=typed%2fbookmarked&c4=soa&c5=landing&v15=typed%2fbookmarked%3etyped%2fbookmarked%3etyped%2fbookmarked&c23=----0.5
----------------------------------------------------------------------
%3fie%3dutf8%26node%3d23----0.5
----------------------------------------------------------------------
www.amazon.co.----0.5
----------------------------------------------------------------------
[cs]v1|29bac244851d1af9-4000013680057615[ce]----0.75
======================================================================
Done.


Host 8 / 616: etsystatic.com
The terminator is :  Ϩ
The string length is 3692
The number of requests is 40
----------------------------------------------------------------------
assets/dist/js/----0.55
----------------------------------------------------------------------
.20140----0.55
======================================================================
Done.


Host 9 / 616: qhimg.com
The terminator is :  Ϩ
The string length is 14216
The number of requests is 227
======================================================================
Done.


Host 10 / 616: sftcdn.net
The terminator is :  Ϩ
The string length is 5378
The number of requests is 66
======================================================================
Done.


Host 11 / 616: 126.net
The terminator is :  Ϩ
The string length is 17130
The number of requests is 140
======================================================================
Done.


Host 12 / 616: retargeter.com
The terminator is :  Ϩ
The string length is 32
The number of requests is 1
----------------------------------------------------------------------
320176----1.0
======================================================================
Done.


Host 13 / 616: googlesyndication.com
The terminator is :  Ϩ
The string length is 24560
The number of requests is 147
----------------------------------------------------------------------
pagead/----0.823129251701
======================================================================
Done.


Host 14 / 616: avatars2.githubusercontent.com
The terminator is :  Ϩ
The string length is 30
The number of requests is 1
----------------------------------------------------------------------
u/5554805----1.0
======================================================================
Done.


Host 15 / 616: d3c3cq33003psk.cloudfront.net
The terminator is :  Ϩ
The string length is 353
The number of requests is 6
----------------------------------------------------------------------
opentag-35657-106653.js----1.0
======================================================================
Done.


Host 16 / 616: china.com
The terminator is :  Ϩ
The string length is 126
The number of requests is 1
----------------------------------------------------------------------
fun/zh_cn/gundong/11015422/20140521/2014052109142675459300.jpg----1.0
======================================================================
Done.


Host 17 / 616: gr-assets.com
The terminator is :  Ϩ
The string length is 13184
The number of requests is 178
======================================================================
Done.


Host 18 / 616: uclick.com
The terminator is :  Ϩ
The string length is 28
The number of requests is 1
----------------------------------------------------------------------
lexico/cx.gif----1.0
======================================================================
Done.


Host 19 / 616: xvideos.com
The terminator is :  Ϩ
The string length is 65008
The number of requests is 209
----------------------------------------------------------------------
videos/thumbs/----0.688995215311
----------------------------------------------------------------------
263005381.464637208.1400216267.1400222188.1400633194.3----0.99043062201
----------------------------------------------------------------------
263005381.1400216267.1.1.utmcsr=(direct)|utmccn=(direct)|utmcmd=(none)----1.0
======================================================================
Done.


Host 20 / 616: maps.googleapis.com
The terminator is :  Ϩ
The string length is 484
The number of requests is 4
----------------------------------------------------------------------
maps/api/js?client=gme-theweatherchannel&v=3.exp&sensor=false----0.5
----------------------------------------------------------------------
sensor=false&key=aizasy----0.5
======================================================================
Done.


Host 21 / 616: yimg.jp
The terminator is :  Ϩ
The string length is 31106
The number of requests is 305
----------------------------------------------------------------------
images/----0.701639344262
======================================================================
Done.


Host 22 / 616: pixanalytics.com
The terminator is :  Ϩ
The string length is 205
The number of requests is 5
----------------------------------------------------------------------
js/c.js----1.0
----------------------------------------------------------------------
cgebl1n1ohazntmia1n6ag==----1.0
======================================================================
Done.


Host 23 / 616: tanx.com
The terminator is :  Ϩ
The string length is 238
The number of requests is 3
----------------------------------------------------------------------
h3l8c/j4vc0cayfpldx5+ny2----1.0
----------------------------------------------------------------------
t/tanxssp----0.666666666667
======================================================================
Done.


Host 24 / 616: convertro.com
The terminator is :  Ϩ
The string length is 17461
The number of requests is 4
----------------------------------------------------------------------
17&atb=1400634410----0.5
----------------------------------------------------------------------
17&dis=1024x768x24&tid=aphwtc7gzzo&tmz=300&pfe=1&ish=1&plu=3670356278&log=0.001%20-%20%40%200.001%0a0.00----0.5
----------------------------------------------------------------------
cc378efa-1b52-45a3-b0fe-033546ccfe7f----1.0
----------------------------------------------------------------------
.godaddy.com%2f&ref=&fup=1&cbi=1&new=0&nji=0&ver=unknown&sts=1389849679&bts=1400634410----0.5
----------------------------------------------------------------------
ptrx/hit/godaddy/0/?sid=9axbxbu2xbkx&mid=&eid=&cid=9axbxbu2xbkx&jid=&typ=&val=1&isa=&pag=http%3a%2f%2fc----0.5
----------------------------------------------------------------------
b%23%23%23%23tag-i-a86681fap832c2378%23%23%23h4siaaaaaaaa_2wuw6-jnhsf_8urzp5kgshckh2ndcsqbagkcahufqjcwaqc4q6_vnsmah_65lwxl5a29fn-42pmcfpuvvv8_pzxtx5hx3srapakksdqhl0bje_b1aiabwbdq5zfh-2ak3e7dnsbbp9t2mjtpfsbfd9-rgfbxj933nzfog8atuiwkhuggxdwgpq-3gdrp-p7jyfqai_8cup1biqhwecz9e8nvk8wxzm0sfis-dokv-e_njdoks91m5qkuxwvrovq37fbcn836eze9vgrxawon5tx0m2nkeq2czoehr6s7vr94_6jzf0fgw5sbp0yl9gscxdykxg8sg11lrelwuk2a2rctzg4eprxkw15kly7xrzvqy_9z__epk286vl_o32zr2n9xsa3ekweln0igkm1tyxrdl_xmmt-42kaotrohbbcu5o4fgwxdi6p9hz5atoysdsvdx9-mharlrofwxru8chkzvkrqjzsznjp7hgdbn5oe8pxnrpsdyhtflmqi9g8y-was8plicdplcjda7quutdbu-w9kmmldpng2jqyugvzhcfewkfufvwf2zvljvue_soqc-ulz-vzsv16cyixewiyyls1z_8zno1bss5kyewhpqiwcr8wpqd6hnqvc_mutkc7vb7xnxdxeybkmxgl87ns7ne66alpmdhu6vzuvvdczacrxuntx94a8ioyx9dm-nvdfdq0w7ipul_q86sr4ocqefhcy3vrt2mtt-vlyojl-d3-_id0ep_f9_-0w7h4fqp3bfinlotvfbvivujg5xpg3z5wghkqfzcolujxlypkvj6zx1bqj8ftmjwur7g4q7su7su0eepovorjv10p_mlsd9vb3fngpt1e4ggs0w2p1gwdnbbeglkhz7zdvuhp380wiz4vpqrj6jtkye936fttgrq3yamy1nnpqe1zm5sbcpdlm3qhed79glvltvvrvvhg9txj9nrsrf2aysnlol2y2cfcp-n4qenli0bqchhy59pwdbqzkoqvx-h6pva0fiv6ikn2ejapnskebmvsj9t1ikb6y4a5rketntskprwjnedym2zu5ecmhtuzm6oduz6n8z2aulzl2mmcfj61pek-jzfbojy5lxsuwsuekrhkb5m4owaoshfn5bgmmupyyoiiqgsjkqrdoezfdzyu7zfjrbxbwbz6coubvtxidfxollmwwf98gkvu4-paya2av5bzoeony7qytezxtmmrw9nxsnr9rahg_vjoyjecy_icw_7n-n43xzr4-pmvec-64nkeaaa%23%23%23h4siaaaaaaaa_2wrxa_sqbcg_wujxpnux3t7ishmnfdaclbqpd0ay7rbciihdjltafhxu6lgc69m3mfmfwet_tksvth0o3ejstoxl9ngomjjtcn1kvhaboyzrillcapb-sxqta5u6dqgk0epnyjixbx1xo8_mnp3allw_flu3c3cxilbyq7nent13prxn1wxew9t1_bxq5-njtgz-r6xh6qodaieyqza_r2koop-xrtque3erm1jdsnwfo9quvqlvshtpu61erhaajcormsa3xq6whan_awvdwsp3adgz3kl7hh_ywiyf6cmjx_wyd_a_20h67gbctpsbnftovdd6fqccyk6uwevy24t8mnkbukxhjow1je_9lkcd5bk8pkvldezucxk6pfff-mn-gpbtxe92e9zwmsyzpo9bbnzd_ye5xyl-srl5m7bjghqmoq7fszvlromucjx3lfr7rdccjplntawgj6atmztm21pffdrtjrazs4bkopctenymzgigbmqfbe7u7l82ushfolqhb0doi0a6878g08ccfxg_ujrt5fp61obagaa%23%23%23h4siaaaaaaaa_02nuqucmbsf_4sppcxupk5xid24emkghoghytg2dwaqursf3-iph8o554nzz91tzm6vayytom_rkv1x7866i4qy-35mwgjrhwhuiz_ehnagjjglsbi9wmjhifd3azdizucnqq_o50kml2myry2t6rveocqo4nqwnauel05znl4lccultmxtewd88sneukqolfejyqztmo1-rdoqmbphkdtvrr33aou6itmjobxa6k4_z_aex1asa-3vaaaa%23%23%23h4siaaaaaaaa_y2sa2-bmbsg_0ukfvuxjw0ik9dkllcsdtiosddoe-liebnu4pbar5_b5sv7-n2oz5flnb-rhdcz7y-rr6umn-kxhoqjeqg1jhvcfej1qkqkih0hiom2lgfmgl_bniajgxs_gccdgiuxp-_s-y41m9g3ztwrcvmqgmkbsmhupee0jao8k6ntkqedh6h9bkbcp4iqvrkrkxhkltibedeixts5kjyv6mxaztukrnpaakogqcfkncglhqyiul0npemdiwqul3nnajqqigxwlk0e-rtjvulafz2bckrkpmtrmiisy9pjtpm3qdmotbtljpqqssq8tszcqd6d31otgihoe1mp67ytktepahhorgs-ngmvkjzftdjns9jvlbzxb3gvmi_7jsp8owvdcfe4lopcyhbukklvxcf7mdjvq4y9yxpe8krfcpe8bcw4mr1rh27jz_z15ozb6bxu_fgfl18vwhjbi0sfjnfaxt8adrnzlu70wqe9fqo2jl6mjpmxw_wfr-yzllspgfvk5t0p7m_toicjunpj0yf7k0_e3e_9ucyofv9ityi9t97rtnf4chb8qluw3hi89kiotrb3shuew-atozqkrnofsexmrrx5hv_ghjzpdfofzuznkkmgmchzgplb_3lp9jw5tosohvr2n6ohuda5youm45n88fsfxxuuj-kgmjosmymhjqlhantagslqgq8pydp-mt9x6itkmzoi2h9szurv1--r8xfx__4dlsxvl-ycaaa%23%23%23h4siaaaaaaaa_y2mywrdibre_8v18fpkwgqlh1kkxfci0sijsu2-vi66mjmhzl7otiux24wuyfg37ke0ookqngshgby956wprq-udlz0t1agevubwqbs-o-bgk4jj949w26rfhi_5tacwpkzyu7il3vernhwouq1gzmduimpu5qutm-plhwh8hhcv9wsopcpv7sr7p0aaaa%23%23%23%23e----0.75
----------------------------------------------------------------------
b%23%23%23%23%7b%221%22%3a%7b%22l%22%3a3143%2c%22c%22%3a5%2c%22u%22%3a1400634442.46507%2c%22a%22%3a%221400219373.10995%22%2c%22v%22%3a20%2c%22s%22%3a%22tag-i-a86681fap832c2378%22%7d%2c%223%22%3a%7b%22d%22%3a%221400226660.84732%22%2c%22v%22%3a20%7d%2c%222%22%3a%7b%22d%22%3a%221400226660.84732%22%2c%22v%22%3a20%7d%7d%23%23%23%23e----0.75
----------------------------------------------------------------------
%0a0.006%20-%20ict%20val%3a%20aphwtc7gzzo%7c1400217647%7c1400223580%7c-1058%0a0.006%20-%20%24ip%3a%20aphwtc7gzzo%0a0.007%20-%20i.p%3a%20t%209axbxbu2xbkx%0a0.007%20-%20i.p.c.m%3a%20c%209axbxbu2xbkx%0a0.008%20-%20%3e%3e%20te%3a%209axbxbu2xbkx%3b%20%3b%20%3b%201----0.5
----------------------------------------------------------------------
&ath=1400634410----0.5
======================================================================
Done.


Host 25 / 616: espncdn.com
The terminator is :  Ϩ
The string length is 54054
The number of requests is 269
======================================================================
Done.


Host 26 / 616: ooyala.com
The terminator is :  Ϩ
The string length is 2670
The number of requests is 21
======================================================================
Done.


Host 27 / 616: facebook.net
The terminator is :  Ϩ
The string length is 1402
The number of requests is 44
----------------------------------------------------------------------
en_us/all.js----0.636363636364
======================================================================
Done.


Host 28 / 616: gravatar.com
The terminator is :  Ϩ
The string length is 21042
The number of requests is 185
----------------------------------------------------------------------
avatar/----0.794594594595
----------------------------------------------------------------------
&d=identicon&r=pg----0.691891891892
======================================================================
Done.


Host 29 / 616: 360.cn
The terminator is :  Ϩ
The string length is 299
The number of requests is 1
----------------------------------------------------------------------
e/w.js----1.0
----------------------------------------------------------------------
e171bdc66db160be----1.0
----------------------------------------------------------------------
=(direct)|utmc----1.0
----------------------------------------------------------------------
140063----1.0
----------------------------------------------------------------------
148900148.1----1.0
----------------------------------------------------------------------
8.1400209724.1----1.0
======================================================================
Done.


Host 30 / 616: rfihub.com
The terminator is :  Ϩ
The string length is 1730
The number of requests is 1
----------------------------------------------------------------------
ca.gif----1.0
----------------------------------------------------------------------
aaabrgqlcnc=a----1.0
----------------------------------------------------------------------
aaabrgqk7s0=----1.0
----------------------------------------------------------------------
aaabrgpgf----1.0
----------------------------------------------------------------------
aaabrgpga----1.0
----------------------------------------------------------------------
aaabrgp2xfs=----1.0
----------------------------------------------------------------------
gq==a----1.0
----------------------------------------------------------------------
=ai20535983aaabrg----1.0
----------------------------------------------------------------------
=ai20536367aaabrg----1.0
----------------------------------------------------------------------
=ai2047605----1.0
----------------------------------------------------------------------
=ae94----1.0
----------------------------------------------------------------------
67aaabrgp----1.0
----------------------------------------------------------------------
033aaabrg----1.0
----------------------------------------------------------------------
9aaabrg----1.0
----------------------------------------------------------------------
20476057a----1.0
----------------------------------------------------------------------
2000aaabrgn4q1w=ae----1.0
----------------------------------------------------------------------
3aaabrgpg----1.0
----------------------------------------------------------------------
3aaabrgo----1.0
----------------------------------------------------------------------
7aaabrgpg----1.0
----------------------------------------------------------------------
7aaabrgq----1.0
----------------------------------------------------------------------
1798364093----1.0
----------------------------------------------------------------------
1400216992515----1.0
----------------------------------------------------------------------
1400219----1.0
----------------------------------------------------------------------
140021721186----1.0
----------------------------------------------------------------------
1400217578334----1.0
----------------------------------------------------------------------
140021757847----1.0
----------------------------------------------------------------------
140021846002----1.0
----------------------------------------------------------------------
11862----1.0
----------------------------------------------------------------------
1aaabrgp----1.0
----------------------------------------------------------------------
1aaabrgqlcnc=----1.0
----------------------------------------------------------------------
103|1----1.0
----------------------------------------------------------------------
438an127----1.0
----------------------------------------------------------------------
4571|----1.0
----------------------------------------------------------------------
q==ae----1.0
----------------------------------------------------------------------
e=ai204760----1.0
----------------------------------------------------------------------
|54512----1.0
----------------------------------------------------------------------
|349797----1.0
----------------------------------------------------------------------
|9837065|307305|21109|15746----1.0
----------------------------------------------------------------------
|157461|64|36----1.0
----------------------------------------------------------------------
|64|3679017|92987|1aaabrg----1.0
======================================================================
Done.


Host 31 / 616: storage.googleapis.com
The terminator is :  Ϩ
The string length is 2628
The number of requests is 23
----------------------------------------------------------------------
support-kms-prod/snp_----1.0
----------------------------------------------------------------------
_2924466_e----0.521739130435
----------------------------------------------------------------------
_en_v0----0.652173913043
======================================================================
Done.


Host 32 / 616: walmartimages.com
The terminator is :  Ϩ
The string length is 6374
The number of requests is 112
======================================================================
Done.


Host 33 / 616: rtoaster.jp
The terminator is :  Ϩ
The string length is 1230
The number of requests is 2
----------------------------------------------------------------------
/?a=rta-6606-26d3dc7e127d&l=http%3a%2f%2fshopping.yahoo.co.jp%2f&----1.0
----------------------------------------------------------------------
1400632950240----0.5
----------------------------------------------------------------------
&m=83b02630-dca9-11e3-fbf4-b8ca3a5c2d0c&----1.0
----------------------------------------------------------------------
&i=0.28024217678727026&c=utf-8----1.0
----------------------------------------------------------------------
pt01_cr1_01%2cpt02_cr1_01%2cpt03_cr1_01%2cpt04_cr1_01%2cpt05_cr1_01%2cpt06_cr1_01%2cpt07_cr1_01%2cpt08_cr1_01%2cpt09_cr1_01%2cpt10_cr1_01%2cpt11_cr1_01%2cpt12_cr1_01%2cpt01_ir1_01%2cpt01_cr2_01%2cpt02_cr2_01%2cpt03_cr2_01%2cpt04_cr2_01%2cpt05_cr2_01%2cpt06_cr2_01----0.5
----------------------------------------------------------------------
_rt.uid%3d83b02630-dca9-11e3-fbf4-b8ca3a5c2d0c%0a_rt.xd%3d154b2711813----0.5
======================================================================
Done.


Host 34 / 616: piksel.com
The terminator is :  Ϩ
The string length is 291
The number of requests is 4
----------------------------------------------------------------------
kickflash/scripts/swfobject2.js?2----0.5
----------------------------------------------------------------------
jsapi/commonfunctions.js----0.5
======================================================================
Done.


Host 35 / 616: pbsrc.com
The terminator is :  Ϩ
The string length is 4970
The number of requests is 38
----------------------------------------------------------------------
pkg/83d2ebf6273bb379705ba7773df971a9d6d690c6/----0.789473684211
======================================================================
Done.


Host 36 / 616: brigit.jp
The terminator is :  Ϩ
The string length is 330
The number of requests is 5
----------------------------------------------------------------------
image/snap/35----1.0
----------------------------------------------------------------------
e_m.jpg----0.6
======================================================================
Done.


Host 37 / 616: doug1izaerwt3.cloudfront.net
The terminator is :  Ϩ
The string length is 1927
The number of requests is 16
----------------------------------------------------------------------
39e3e583aca28fab00c85ad9019b51d9f073fc6d.1.js----0.6875
======================================================================
Done.


Host 38 / 616: google.at
The terminator is :  Ϩ
The string length is 252
The number of requests is 1
----------------------------------------------------------------------
favicon.ico----1.0
----------------------------------------------------------------------
m=140021----1.0
======================================================================
Done.


Host 39 / 616: iask.com
The terminator is :  Ϩ
The string length is 418
The number of requests is 9
----------------------------------------------------------------------
_1.jpg----1.0
======================================================================
Done.


Host 40 / 616: sfdcstatic.com
The terminator is :  Ϩ
The string length is 12066
The number of requests is 120
----------------------------------------------------------------------
assets/images/----0.6
======================================================================
Done.


Host 41 / 616: google.nl
The terminator is :  Ϩ
The string length is 499
The number of requests is 2
----------------------------------------------------------------------
favicon.ico----1.0
----------------------------------------------------------------------
id=fc2e78d2bca47cc7:u=308e41cb6e822a1d:ff=0:tm=1400211821:lm=1400211823:s=9ajcse8wtr3nycah----1.0
----------------------------------------------------------------------
67=maxde-s7qu-iertbjdain9ro6ijrxa4ji5casy-p7om13e5crl6ouuays5tlosbnxp8twghcjre_ev7zzee-x9zc8jwp4ictlvnhft04gvemps8bwi9f2pz1hotw-mdv----1.0
======================================================================
Done.


Host 42 / 616: wikia-beacon.com
The terminator is :  Ϩ
The string length is 2331
The number of requests is 5
----------------------------------------------------------------------
__track/view?cb=1400612267&c=80433&lc=en&lid=75&x=wikiaglobal&y=c2&u=0&a=1461&s=oasis&n=0&r=&rand=140063669----0.6
----------------------------------------------------------------------
&beacon=mlivparcm7&utma=251085184.2096413500.1400217394.1400223315.1400636659.3&utmb=251085184.1.10.1400636659----0.6
----------------------------------------------------------------------
{%22city%22:%22fixme%22%2c%22country%22:%22us%22%2c%22continent%22:%22na%22}----0.8
======================================================================
Done.


Host 43 / 616: dropbox.com
The terminator is :  Ϩ
The string length is 216
The number of requests is 1
----------------------------------------------------------------------
u/82199947/netflix%20-%20do%20not%20delete/jquery.tweet.js----1.0
======================================================================
Done.


Host 44 / 616: ya.ru
The terminator is :  Ϩ
The string length is 106
The number of requests is 1
----------------------------------------------------------------------
ajax/share-counter.xml----1.0
----------------------------------------------------------------------
http%3a%2f%2fhome.yandex.ru----1.0
======================================================================
Done.


Host 45 / 616: 91.com
The terminator is :  Ϩ
The string length is 48
The number of requests is 1
----------------------------------------------------------------------
script/api/key121121.js----1.0
======================================================================
Done.


Host 46 / 616: bbcimg.co.uk
The terminator is :  Ϩ
The string length is 10640
The number of requests is 106
----------------------------------------------------------------------
000/jpg/_749----0.528301886792
----------------------------------------------------------------------
media/images/749----0.575471698113
======================================================================
Done.


Host 47 / 616: answcdn.com
The terminator is :  Ϩ
The string length is 29704
The number of requests is 92
======================================================================
Done.


Host 48 / 616: hinet.net
The terminator is :  Ϩ
The string length is 26
The number of requests is 1
----------------------------------------------------------------------
i/index----1.0
======================================================================
Done.


Host 49 / 616: liveperson.net
The terminator is :  Ϩ
The string length is 79
The number of requests is 1
----------------------------------------------------------------------
tag/tag.js----1.0
----------------------------------------------------------------------
51516811----1.0
======================================================================
Done.


Host 50 / 616: cdn-apple.com
The terminator is :  Ϩ
The string length is 23664
The number of requests is 96
----------------------------------------------------------------------
3965/as-images.apple.com/is/image/appleinc/h----0.65625
----------------------------------------------------------------------
?wid=10----0.5
----------------------------------------------------------------------
&hei=1----0.65625
----------------------------------------------------------------------
0&fmt=jpeg&qlt=95&op_sharpen=0&resmode=bicub&op_usm=0.5,0.5,0,0&iccembed=0&layer=comp&.v=13----0.510416666667
======================================================================
Done.


Host 51 / 616: networkhm.com
The terminator is :  Ϩ
The string length is 34
The number of requests is 1
----------------------------------------------------------------------
1563816----1.0
======================================================================
Done.


Host 52 / 616: impact-ad.jp
The terminator is :  Ϩ
The string length is 1031
The number of requests is 3
----------------------------------------------------------------------
=http%3a%2f%2fbbpromo.yahoo.co.jp%2f----0.666666666667
----------------------------------------------------------------------
8bbb0e7b-4e37-4a80-a01b-4084f582e168----1.0
======================================================================
Done.


Host 53 / 616: dropboxusercontent.com
The terminator is :  Ϩ
The string length is 118
The number of requests is 1
----------------------------------------------------------------------
u/82199947/netflix%20-%20do%20not%20delete/jquery.tweet.js----1.0
======================================================================
Done.


Host 54 / 616: imgci.com
The terminator is :  Ϩ
The string length is 1558
The number of requests is 23
======================================================================
Done.


Host 55 / 616: webterren.com
The terminator is :  Ϩ
The string length is 174
The number of requests is 3
----------------------------------------------------------------------
webdig.js?z=15----1.0
----------------------------------------------------------------------
6b101650e972cd1b-6-1400219138----1.0
======================================================================
Done.


Host 56 / 616: google.co.th
The terminator is :  Ϩ
The string length is 499
The number of requests is 2
----------------------------------------------------------------------
favicon.ico----1.0
----------------------------------------------------------------------
id=84a0520f6fe99182:u=ac1fbac39e4a23ef:ff=0:tm=1400218510:lm=1400218516:s=tojpxpbfysm-_pfo----1.0
----------------------------------------------------------------------
67=virubznujgoucylqspu_yz2rlyygqtuxmtkjjw13g2hxrnhdfxhjarj7ff6vb3f3lfsxyzclw1a55vrsuvdtsbogqbxr2mbkoxusm2fkzsxxzzdkyuz_dka0jmkuwmkj----1.0
======================================================================
Done.


Host 57 / 616: chinaiiss.com
The terminator is :  Ϩ
The string length is 82
The number of requests is 1
----------------------------------------------------------------------
attachment/jump/201405/21/090800_938.jpg----1.0
======================================================================
Done.


Host 58 / 616: chitika.net
The terminator is :  Ϩ
The string length is 100
The number of requests is 2
----------------------------------------------------------------------
msft/wsj-wsj-homepage.js----1.0
======================================================================
Done.


Host 59 / 616: allegrostatic.pl
The terminator is :  Ϩ
The string length is 5268
The number of requests is 80
======================================================================
Done.


Host 60 / 616: adocean.pl
The terminator is :  Ϩ
The string length is 750
The number of requests is 6
----------------------------------------------------------------------
files/js/ado.js----1.0
----------------------------------------------------------------------
klgvlmagqmgg8ayjhglf69crssgmajudfepxgsrpqeaclepsg0gri7ygw9fcflmmgsosrfqgf0fmkubqaiqqk6emsg8.----1.0
======================================================================
Done.


Host 61 / 616: bkrtx.com
The terminator is :  Ϩ
The string length is 476
The number of requests is 14
----------------------------------------------------------------------
js/bk-coretag.js----1.0
======================================================================
Done.


Host 62 / 616: cnn.net
The terminator is :  Ϩ
The string length is 1874
The number of requests is 20
----------------------------------------------------------------------
cnn/.element/----0.75
----------------------------------------------------------------------
/cnn/programs/----0.5
======================================================================
Done.


Host 63 / 616: taobao.com
The terminator is :  Ϩ
The string length is 338
The number of requests is 2
----------------------------------------------------------------------
cookie14=uow3v05unpm----1.0
----------------------------------------------------------------------
ci%3d0_0----1.0
----------------------------------------------------------------------
ecc7ec9e8cb0dfa25ccd1d680ee0d143----1.0
----------------------------------------------------------------------
98f928bc371f6d9630132f357d8c0164----1.0
----------------------------------------------------------------------
b2g8cibblhn----1.0
----------------------------------------------------------------------
h3l8c/j4vc0cayfpldx5+ny2----1.0
----------------------------------------------------------------------
/favicon.ico----0.5
----------------------------------------------------------------------
w%3d%3d----1.0
======================================================================
Done.


Host 64 / 616: ioam.de
The terminator is :  Ϩ
The string length is 1775
The number of requests is 12
----------------------------------------------------------------------
iam.js----0.583333333333
----------------------------------------------------------------------
002079dbf83a23b4d5375a0c40001%3b537c0292%3b55147eca----0.75
======================================================================
Done.


Host 65 / 616: jrjimg.cn
The terminator is :  Ϩ
The string length is 82
The number of requests is 1
----------------------------------------------------------------------
201405/21/photo/photo_14006327996061.jpg----1.0
======================================================================
Done.


Host 66 / 616: creative-serving.com
The terminator is :  Ϩ
The string length is 103
The number of requests is 1
----------------------------------------------------------------------
pixel----1.0
----------------------------------------------------------------------
3115544----1.0
======================================================================
Done.


Host 67 / 616: xinhuanet.com
The terminator is :  Ϩ
The string length is 90
The number of requests is 1
----------------------------------------------------------------------
ent/2014-05/21/126527311_14006344115001n.jpg----1.0
======================================================================
Done.


Host 68 / 616: ttv-backgroundart.s3.amazonaws.com
The terminator is :  Ϩ
The string length is 38
The number of requests is 1
----------------------------------------------------------------------
mega%20man%206.jpg----1.0
======================================================================
Done.


Host 69 / 616: rambler.su
The terminator is :  Ϩ
The string length is 544
The number of requests is 8
----------------------------------------------------------------------
static/weather_new/----0.5
----------------------------------------------------------------------
1/js/----0.625
----------------------------------------------------------------------
000141/----0.5
======================================================================
Done.


Host 70 / 616: meteorsolutions.com
The terminator is :  Ϩ
The string length is 188
The number of requests is 1
----------------------------------------------------------------------
metsol.js----1.0
----------------------------------------------------------------------
d%3c%3e----1.0
----------------------------------------------------------------------
%3c%3e%3c%3e----1.0
======================================================================
Done.


Host 71 / 616: xnxx.com
The terminator is :  Ϩ
The string length is 741
The number of requests is 3
----------------------------------------------------------------------
images/thumbnails/240x180/100----0.666666666667
----------------------------------------------------------------------
gt35j6c08qjf12pslepnv9kz8b54ol20----1.0
----------------------------------------------------------------------
92469890.952779948.1400216942.1400216942.1400222862.2----1.0
----------------------------------------------------------------------
92469890.1400216942.1.1.utmcsr=(direct)|utmccn=(direct)|utmcmd=(none)----1.0
======================================================================
Done.


Host 72 / 616: google.com.tw
The terminator is :  Ϩ
The string length is 494
The number of requests is 2
----------------------------------------------------------------------
favicon.ico----1.0
----------------------------------------------------------------------
id=292e558c29456b13:u=543b6ead33f5ec42:ff=0:tm=1400211823:lm=1400218292:s=zeea6lyfwkwvm97k----1.0
----------------------------------------------------------------------
67=opxf6zjiv2jzkms6fc_qcslpcdo6g1j_klgbhbyxqdzrvexonnjz4zlgebverwbx5zcc6a6d4jpzu3lzoye07myov7gxnhq6aeumr8ryhspvk0-bsrnw0klr0x0s4vzy----1.0
======================================================================
Done.


Host 73 / 616: tiqcdn.com
The terminator is :  Ϩ
The string length is 2138
The number of requests is 21
----------------------------------------------------------------------
utag/godaddy/godaddy/prod/utag.----0.952380952381
----------------------------------------------------------------------
.js?utv=ut4.008.201405201844----0.619047619048
======================================================================
Done.


Host 74 / 616: nexac.com
The terminator is :  Ϩ
The string length is 494
The number of requests is 2
----------------------------------------------------------------------
e/a-1698/s-3626/c-472/g-1468.xgi?pkey=bijo15bijox40&chpcm=disney&chpsg=&chpcr=&chpck=&rand=----1.0
----------------------------------------------------------------------
1400217212----1.0
----------------------------------------------------------------------
1584818815----0.5
----------------------------------------------------------------------
6n4xz1n1qeqabsr0----1.0
----------------------------------------------------------------------
369681873----0.5
----------------------------------------------------------------------
2014051601335983983421106341----1.0
----------------------------------------------------------------------
20140520----1.0
----------------------------------------------------------------------
&chpth=----1.0
======================================================================
Done.


Host 75 / 616: google.com.tr
The terminator is :  Ϩ
The string length is 494
The number of requests is 2
----------------------------------------------------------------------
favicon.ico----1.0
----------------------------------------------------------------------
id=82c276071f1ed0a7:u=cd1acc2d2ec761e5:ff=0:tm=1400211315:lm=1400211318:s=o33umt9r6llk9_bq----1.0
----------------------------------------------------------------------
67=ow-cmzhiwpc3biehrivvvp0gpftvdhae-6rhxzww091tt6y61mv6l3vkvbdqtykx9rjtjvxotv9c3frsjlfsnbthptludbltxjd4pl5nw2n7uvy86vgyobxnqmtcnjgv----1.0
======================================================================
Done.


Host 76 / 616: avatars0.githubusercontent.com
The terminator is :  Ϩ
The string length is 88
The number of requests is 3
----------------------------------------------------------------------
?s=140----1.0
======================================================================
Done.


Host 77 / 616: bshare.cn
The terminator is :  Ϩ
The string length is 282
The number of requests is 2
----------------------------------------------------------------------
b/buttonlite.js----0.5
----------------------------------------------------------------------
b/bsharec0.js----0.5
----------------------------------------------------------------------
"1ffum65wc3cqaezm7tqj|::"----1.0
----------------------------------------------------------------------
1400217728649|1400217728649|1400217728650|1400217728650|1400217728651|1400217728651|----1.0
======================================================================
Done.


Host 78 / 616: adobe.com
The terminator is :  Ϩ
The string length is 678
The number of requests is 1
----------------------------------------------------------------------
www.adobe.com/images/shared/download_buttons/get_flash_player.gif----1.0
----------------------------------------------------------------------
seg%3drb-----1.0
----------------------------------------------------------------------
-1401240173%7c----1.0
----------------------------------------------------------------------
-1400721773%7c----1.0
----------------------------------------------------------------------
#1400635----1.0
----------------------------------------------------------------------
29bad09d8507ae87-6000010f2005e104----1.0
----------------------------------------------------------------------
780092----1.0
----------------------------------------------------------------------
%3b%20s_----1.0
----------------------------------------------------------------------
%7c140022458008----1.0
----------------------------------------------------------------------
%7cmcgd----1.0
======================================================================
Done.


Host 79 / 616: dqwufkbc3sdtr.cloudfront.net
The terminator is :  Ϩ
The string length is 86
The number of requests is 1
----------------------------------------------------------------------
members/536e6179e4b054ba99c8c4da/small.png----1.0
======================================================================
Done.


Host 80 / 616: deviantart.net
The terminator is :  Ϩ
The string length is 11244
The number of requests is 117
======================================================================
Done.


Host 81 / 616: whaleserver.com
The terminator is :  Ϩ
The string length is 2154
The number of requests is 6
----------------------------------------------------------------------
www/delivery/----0.666666666667
----------------------------------------------------------------------
d06aef6a0408589b370d5e94ffdbf57b----1.0
----------------------------------------------------------------------
.php?----0.666666666667
----------------------------------------------------------------------
zoneid=----0.666666666667
----------------------------------------------------------------------
us%7cil%7cevanston%7c60208%7c42.0586%7c-87.6845%7c602%7c847%7c%7c%7c----0.833333333333
======================================================================
Done.


Host 82 / 616: marinsm.com
The terminator is :  Ϩ
The string length is 381
The number of requests is 2
----------------------------------------------------------------------
tracker/async/18761bg34457.js----0.5
----------------------------------------------------------------------
cddea5d2-6ee6-4595-9f0a-96af55ed051c----1.0
----------------------------------------------------------------------
614340026----0.5
----------------------------------------------------------------------
https%3a%2f%2fwww.dropbox.com%2fbusiness----0.5
======================================================================
Done.


Host 83 / 616: dt07.net
The terminator is :  Ϩ
The string length is 90
The number of requests is 1
----------------------------------------------------------------------
mghtml/framehtml/c/t/o/torrentz.eu.5654.html----1.0
======================================================================
Done.


Host 84 / 616: 55bbs.com
The terminator is :  Ϩ
The string length is 78
The number of requests is 1
----------------------------------------------------------------------
moudlepic/174_module_images/152502.jpg----1.0
======================================================================
Done.


Host 85 / 616: ydstatic.com
The terminator is :  Ϩ
The string length is 77
The number of requests is 1
----------------------------------------------------------------------
image----1.0
----------------------------------------------------------------------
gouwu----1.0
----------------------------------------------------------------------
-2263486905207333956----1.0
======================================================================
Done.


Host 86 / 616: mediavoice.com
The terminator is :  Ϩ
The string length is 60
The number of requests is 3
----------------------------------------------------------------------
plugin.js----1.0
======================================================================
Done.


Host 87 / 616: sina.com.cn
The terminator is :  Ϩ
The string length is 7392
The number of requests is 13
----------------------------------------------------------------------
attzllhgy3auqazsqtsohpghjjrbjz9vzrqwlx3eo1mkehfe5r1vohviryxhs94im1iof1q3ui%2bkdmpjzfer8yk9wc1dqdnrtwi4uj%2best%2bcjzejsfy477alatavywebpa%3d%3d----0.615384615385
----------------------------------------------------------------------
,tech.sina.com.cn,----1.0
----------------------------------------------------------------------
hk-bc83174f93be664678a0285e41c384adc966----0.846153846154
----------------------------------------------------------------------
1400631643----1.0
----------------------------------------------------------------------
1400631660247:8:8:2:129.105.44.60_1400632720.333239:1400631637783----0.923076923077
----------------------------------------------------------------------
1400221389_o----1.0
----------------------------------------------------------------------
1400596288----1.0
----------------------------------------------------------------------
129.105.44.60_1400210577.651342----1.0
----------------------------------------------------------------------
002a2c-gvlwem1fawxfgxeluuu1xvxbxa7oqbkg91r1yfihsidb685b----0.615384615385
----------------------------------------------------------------------
0000003c.16fe1fa7.53759d74.ee68e5e2----1.0
----------------------------------------------------------------------
0000003c.1a336511.537bf5a4.027ded45----0.923076923077
----------------------------------------------------------------------
3a13ef80e.14602fdba4a.0.be6e04c4a53f08----1.0
======================================================================
Done.


Host 88 / 616: dl-rms.com
The terminator is :  Ϩ
The string length is 756
The number of requests is 15
----------------------------------------------------------------------
rms/mother/----0.733333333333
----------------------------------------------------------------------
/nodetag.js----0.933333333333
======================================================================
Done.


Host 89 / 616: gr-cdn.com
The terminator is :  Ϩ
The string length is 6300
The number of requests is 53
----------------------------------------------------------------------
s/marketing/----0.754716981132
----------------------------------------------------------------------
-rev-13----0.584905660377
======================================================================
Done.


Host 90 / 616: dt8kf6553cww8.cloudfront.net
The terminator is :  Ϩ
The string length is 14948
The number of requests is 159
----------------------------------------------------------------------
static/c----0.559748427673
----------------------------------------------------------------------
/comp----0.572327044025
======================================================================
Done.


Host 91 / 616: wandoujia.com
The terminator is :  Ϩ
The string length is 145
The number of requests is 3
----------------------------------------------------------------------
api/wdapi.js----0.666666666667
======================================================================
Done.


Host 92 / 616: hostgator.com
The terminator is :  Ϩ
The string length is 511
The number of requests is 1
----------------------------------------------------------------------
favicon.ico----1.0
----------------------------------------------------------------------
.1400218005.14002----1.0
----------------------------------------------------------------------
.1400218014.1----1.0
----------------------------------------------------------------------
.14002239----1.0
----------------------------------------------------------------------
.1400637983----1.0
----------------------------------------------------------------------
.1.1.utmcsr=(direct)|utmccn=(direct)|utmcmd=(none)----1.0
----------------------------------------------------------------------
222725528.1----1.0
----------------------------------------------------------------------
201221175.----1.0
----------------------------------------------------------------------
1400218004----1.0
----------------------------------------------------------------------
5.1400218005.1----1.0
----------------------------------------------------------------------
4.14002----1.0
----------------------------------------------------------------------
%22%3a%22f----1.0
----------------------------------------------------------------------
%22%2c%2217438020----1.0
======================================================================
Done.


Host 93 / 616: crwdcntrl.net
The terminator is :  Ϩ
The string length is 86380
The number of requests is 34
----------------------------------------------------------------------
/cc.js?ns=_cc----0.764705882353
----------------------------------------------------------------------
.cc.webmd.com----1.0
----------------------------------------------------------------------
"acn4nm2v%2f09tvxtab19hejg2mgactispwwsramukzoskeuuxexzzt5isgzqhpmo0fsmqp%2bgrvmsxfzdrxpifzmbmgjpjmahaxahremqxikfpmaxjuweliwo0zuh57on5zrl%2fwfpl%2b%2fncc889997zxlmkuh7dtlvphpismdewwvpsiubkrrfm5lhto0uc2wkwlamf7yfuvsvk%2bgcmf%2bxnzx80mmpvjckg9zsxqyrnntbjkzlzuaquehehf9wiwihznneifpsiehnhayjipbgv3cor0ugqunwneszjxmetsvihiiy%2bjgo65c7wlvs4pwa4hmkdxb3isskipdqerrayi92cvcyqyfcyaokgeyupmykm0lv8%2fo1cpzo0dshxsc%2fu5dh%2frpfime%2fhz3qklkz14z4uqpcyhqmqlf9zu0jxqjazbnmru3eo8a27uktm1zxikorekp8rbektj8xoboprexfr7lakfr5jphwsa4yioyd2fxvshk00aizlamcxgbdsykk%2bkmow8rncukz58q0ree4b16moonnv%2fzgkypqupz%2blbmyjkf16b03f3uhexnrgmxxptu6jyjpxgqjj0%2f8uechya2qfskglt%2b%2fcmjcjvngdlk4m91pxxv0ml6j5eckliydq%2f6hccfnvkn788jsfyykv%2fnz1eyn%2bvenrn9dznkmfv7kxig5rbboyqen%2bki6u4ksbl4rzejwpav6r9hvpabmptsoougribi%2faibb6wq7x4hy%2f5tovwqlgzpji9jhmsdeuviv9ck31sm84dlgl9inias1ot6xvxnk6mhrxf0cwaaz3uf5s0y8iark2bv5u%2b44p9v9%2fivewxoqg73b0xvxu70bgnqgqgp8gepejcstvaqjoa4yhv2qralypowik2yfgl1o80ozh7bikabrw2gdq5qnx2coejccqdb1f5fw2h0aejyfoggeozlxai3pohvqdny4qejeh4e08gjsdakhpbaholv4cvz9sfwtun3haludvlglhodz4hgmvqpcpbhy2b4ftx%2bdcsa%2bg4vyx2jxfae3kz1st7jhzg2uaq48fcsxs0uaadglwawrfigcdx9oaas5hahl39xi24cvxhqfpg0sawbfvai73uqd%2bepaacgl2esc3qzmx5ahybw4dyn3%2fogs9lwhau8oaui%2bm4wp2a%2fquzooqhri%2bwhcje%2bwfqgqbrvbuceapnqaoh6veuagq1pmgd7ozjxs8bgi%2bfoj28%2bfbhno%2br2fwqj8m4fau01sxnaly11qadd0eq2hditzyj4yugknkkwbvracwedbuaqrfogaczhcu7t7ae6i%2bg8m%3d"----1.0
----------------------------------------------------------------------
"abr4ndxua0zncrzh8b87nxuqpyok0umylcnzm0fcppgatgznjzcxfmlwyquimq6tnia5hakhyumcldk6r5rzdk4xsi5zg2m2nnjazgxm805pxv3%2b5%2f%2f%2f%2fr6%2f7%2b%2f7%2bxmgyswt6dxk%2fp%2f7yrhmn%2f4zpxt%2btghajskdwmiwjklrfbpqhbvojfajjklyhomfxrhojuipj8plsx45owf4ih7nizzriiekisee4aj0kgwvzc1eiwthv6hflmitwd86cfmvalotgihcvcrspsb7eccqfggpwawsxxowechag4xvouj%2blhpdcfokjdg6quok33hf9awn3xui%2bg6%2fnwd9i2ee8gyp1a3pgjusop%2frkje%2bjqszpyysw14dg3bpm2wsbcdfb61rxnxffjergmbsenedriea75ocovyfpbp9p4rpjzbz4jswfwhabjkyixkrhsdwtmkgxwoduk3czsnpkowulzngignmijm7ife0nbnttftbj8jofo94jwaxpprdn04ew3lli8gb%2fm4dlwiexepnaylo%2bf2ryxosoendal1br5eb2glnwmfnh%2bwbyzotzmfao8gcfkse7cgtevmfxlsnxiqqeimtelosehhn2eybnwuj%2bsquarunarvctbmgbiwqdvtjtpxsnnsqgngglpz28nsy0k0r6uw7%2b49i2ylm0pgwrpkk%2bakl8srycnljjzvdfdupcjfwzoww3mjulkx067hjqet1fvolx3zo0v7gavn5xbqbuovirywkgnfn27uiqi9vhfkqs7lim2jldbxpf15%2b81lk8gvgbjzpwgkd1wx5wg%2bkglaxdy4ppxkahm6gzv6fiofa980qb7hi49ziainws3fxxfz99lyftrnpze4mins0sgmudsz1myryktuobqalq5viktvrw%2bvyhgd0na8%2bi1saitwzh19fnm3xsu849okg5ynsftxcn14aes9hyx4ryv616v8yrutj"----1.0
----------------------------------------------------------------------
e57c6f7a2e961faae89539836cab4e23----1.0
======================================================================
Done.


Host 94 / 616: d31qbv1cthcecs.cloudfront.net
The terminator is :  Ϩ
The string length is 192
The number of requests is 12
----------------------------------------------------------------------
atrk.js----1.0
======================================================================
Done.


Host 95 / 616: tubemogul.com
The terminator is :  Ϩ
The string length is 77
The number of requests is 1
----------------------------------------------------------------------
nxbpxg2wxkrlb8iz8ot6----1.0
======================================================================
Done.


Host 96 / 616: google.com.hk
The terminator is :  Ϩ
The string length is 763
The number of requests is 3
----------------------------------------------------------------------
favicon.ico----1.0
----------------------------------------------------------------------
id=1611d038fd047fba:u=44de76ce0cffdd00:tm=1400211110:lm=1400211119:s=vrv53de1uhs08plu----1.0
----------------------------------------------------------------------
67=k1b4yzcxnfireodhux5ky93gxd-1ejvwumleaed8y3fftw_q_0hnba5ema5ucrv8dxnwu0netglqdpxmsc-tlgekw38ewzs1ufxroarqb1ogajys-qxeulq57tclibwm----1.0
======================================================================
Done.


Host 97 / 616: exoclick.com
The terminator is :  Ϩ
The string length is 36977
The number of requests is 60
----------------------------------------------------------------------
.php?type=----0.8
----------------------------------------------------------------------
0&login=adexprt&cat=472&search=&ad_title_color=0000cc&bgcolor=ffffff&border=0&border_color=000000&font=&block_keywords=&ad_text_color=000000&ad_durl_color=008000&adult=1&sub=&text_only=0&show_thumb=&idzone=522----0.566666666667
----------------------------------------------------------------------
x%9c%8----0.516666666667
----------------------------------------------------------------------
&idsite=195085----0.566666666667
----------------------------------------------------------------------
5&idsite=----0.533333333333
======================================================================
Done.


Host 98 / 616: cnzz.net
The terminator is :  Ϩ
The string length is 344
The number of requests is 4
----------------------------------------------------------------------
s.php?sid=5560----1.0
----------------------------------------------------------------------
h3l8c/j4vc0cayfpldx5+ny2----1.0
----------------------------------------------------------------------
3a8ef37b11849ddc3ddc33008b0986e0----1.0
======================================================================
Done.


Host 99 / 616: phncdn.com
The terminator is :  Ϩ
The string length is 30709
The number of requests is 427
======================================================================
Done.


Host 100 / 616: ugdturner.com
The terminator is :  Ϩ
The string length is 141
The number of requests is 3
----------------------------------------------------------------------
xd.sjs----1.0
----------------------------------------------------------------------
5375867a0c50c70a3c89e654bc04cd36----1.0
======================================================================
Done.


Host 101 / 616: 31.222.73.27.
The terminator is :  Ϩ
The string length is 206
The number of requests is 1
----------------------------------------------------------------------
20051/8/6/6/1284544970/341294/t1400638377/c_qbshadzyfieobyjevyuces8sngjikgu7cyx2eypi17a/341314_180.jpg----1.0
======================================================================
Done.


Host 102 / 616: glam.com
The terminator is :  Ϩ
The string length is 549
The number of requests is 5
----------------------------------------------------------------------
gad/glamadapt_jsapi.act?afid=1655028855----1.0
----------------------------------------------------------------------
112656140021865191211----1.0
----------------------------------------------------------------------
%3bct%3dset----1.0
======================================================================
Done.


Host 103 / 616: sitemeter.com
The terminator is :  Ϩ
The string length is 55
The number of requests is 1
----------------------------------------------------------------------
js/counter.js----1.0
----------------------------------------------------------------------
s37netflix----1.0
======================================================================
Done.


Host 104 / 616: worldssl.net
The terminator is :  Ϩ
The string length is 368
The number of requests is 8
----------------------------------------------------------------------
y-5270-mini.gif----0.5
======================================================================
Done.


Host 105 / 616: yahoo.co.jp
The terminator is :  Ϩ
The string length is 756
The number of requests is 7
----------------------------------------------------------------------
favicon.ico----1.0
----------------------------------------------------------------------
an832o99nb15v&b=3&s=4s----1.0
----------------------------------------------------------------------
v=1&b=277&c=3&i4=gwkspa--&t4=1400631821&i6=&t6=&e=1401194688----1.0
======================================================================
Done.


Host 106 / 616: sstatic.net
The terminator is :  Ϩ
The string length is 45557
The number of requests is 399
----------------------------------------------------------------------
/img/----0.751879699248
----------------------------------------------------------------------
d39354ef9deaff34085910e9ad532dcb81400211079406----1.0
======================================================================
Done.


Host 107 / 616: licdn.com
The terminator is :  Ϩ
The string length is 29594
The number of requests is 88
----------------------------------------------------------------------
scds/concat/common/----0.625
======================================================================
Done.


Host 108 / 616: soundcloud.com
The terminator is :  Ϩ
The string length is 1454
The number of requests is 5
----------------------------------------------------------------------
player/assets/----0.8
----------------------------------------------------------------------
477465-118824-426954-2841----1.0
----------------------------------------------------------------------
62927721.1803286677.1400216848.1400216848.1400222769.2----1.0
----------------------------------------------------------------------
62927721.1400222769.2.2.utmcsr=vimeo.com|utmccn=(referral)|utmcmd=referral|utmcct=/videoschool----1.0
======================================================================
Done.


Host 109 / 616: adsafeprotected.com
The terminator is :  Ϩ
The string length is 7815
The number of requests is 9
----------------------------------------------------------------------
=http://----0.555555555556
----------------------------------------------------------------------
-11e3-----0.555555555556
----------------------------------------------------------------------
-0025904ea2d----0.555555555556
----------------------------------------------------------------------
&adsafe----0.555555555556
----------------------------------------------------------------------
,em:true,fr:true,----0.555555555556
----------------------------------------------------------------------
,fm:oe----0.555555555556
----------------------------------------------------------------------
,fc:0,rt:1,cb:0,np:1,----0.555555555556
----------------------------------------------------------------------
,piv:----0.555555555556
--------------------------------------------------------