The portion of third-party host that can track users
--------------------------------------------------
0.441605839416
======================================================================


The pie diagram for the tracked request
--------------------------------------------------
cdninstagram.com 60 0.00405597241939
adsonar.com 21 0.00141959034679
questionmarket.com 10 0.000675995403231
apple.com 27 0.00182518758872
atdmt.com 24 0.00162238896776
advombat.ru 4 0.000270398161293
liveperson.net 16 0.00108159264517
du3vkre908mr5.cloudfront.net 1 6.75995403231e-05
demandbase.com 9 0.000608395862908
jsrdn.com 4 0.000270398161293
5min.com 73 0.00493476644359
xingcloud.com 1 6.75995403231e-05
exelator.com 56 0.0037855742581
expedia.com 31 0.00209558575002
tfd.com 63 0.00425877104036
maps.googleapis.com 10 0.000675995403231
stirileprotv.ro 252 0.0170350841614
spotxchange.com 2 0.000135199080646
lekkigardens.com 1 6.75995403231e-05
flickr.com 6 0.000405597241939
photobucket.com 214 0.0144663016291
rfihub.com 8 0.000540796322585
pricegrabber.com 4 0.000270398161293
casalemedia.com 7 0.000473196782262
tvlcdn.com 1 6.75995403231e-05
mtvnservices.com 28 0.00189278712905
allcdn.net 1 6.75995403231e-05
impact-ad.jp 2 0.000135199080646
chitika.net 12 0.000811194483878
postimg.org 22 0.00148718988711
vkontakte.ru 9 0.000608395862908
ioam.de 206 0.0139255053066
xnxx.com 2 0.000135199080646
ero-advertising.com 45 0.00304197931454
tiqcdn.com 31 0.00209558575002
popin.cc 2 0.000135199080646
ubr.ua 1 6.75995403231e-05
adobe.com 41 0.00277158115325
deviantart.net 1 6.75995403231e-05
skimresources.com 89 0.00601635908876
sina.com.cn 7 0.000473196782262
yamojir.com 1 6.75995403231e-05
mzstatic.com 11 0.000743594943554
hostgator.com 1 6.75995403231e-05
crwdcntrl.net 191 0.0129115122017
ukr.net 15 0.00101399310485
google.com.hk 4 0.000270398161293
kuaibo.com 2 0.000135199080646
glam.com 24 0.00162238896776
fastpic.ru 5 0.000337997701616
simpli.fi 11 0.000743594943554
beringmedia.com 2 0.000135199080646
bankia.es 4 0.000270398161293
yahoo.co.jp 16 0.00108159264517
sstatic.net 42 0.00283918069357
clickfuse.com 12 0.000811194483878
adscale.de 19 0.00128439126614
wsj.com 2 0.000135199080646
civicscience.com 4 0.000270398161293
mmstat.com 11 0.000743594943554
82.222.152.134. 1 6.75995403231e-05
ebayrtm.com 29 0.00196038666937
wtp101.com 9 0.000608395862908
google.es 28 0.00189278712905
revsci.net 199 0.0134523085243
qq.com 70 0.00473196782262
paypal.com 11 0.000743594943554
performgroup.com 100 0.00675995403231
bpsecure.com 1 6.75995403231e-05
turner.com 426 0.0287974041777
nx.com 5 0.000337997701616
elmundo.es 6 0.000405597241939
am15.net 5 0.000337997701616
swoop.com 7 0.000473196782262
trb.com 17 0.00114919218549
google.ru 2 0.000135199080646
allegro.pl 11 0.000743594943554
ookla.com 10 0.000675995403231
linkedin.com 134 0.0090583384033
m2pub.com 1 6.75995403231e-05
yatra.com 4 0.000270398161293
skinected.com 1 6.75995403231e-05
adnxs.com 84 0.00567836138714
adnetwork.vn 1 6.75995403231e-05
ning.com 174 0.0117623200162
rtv.net 2 0.000135199080646
go.com 103 0.00696275265328
estat.com 59 0.00398837287906
marca.com 14 0.000946393564524
netsolssl.com 2 0.000135199080646
infolinks.com 46 0.00310957885486
api.tv 6 0.000405597241939
dmtracker.com 24 0.00162238896776
adsrvr.org 9 0.000608395862908
195.68.160.161. 4 0.000270398161293
criteo.com 37 0.00250118299196
trbimg.com 40 0.00270398161293
media6degrees.com 4 0.000270398161293
ebay.fr 2 0.000135199080646
standaardcdn.be 7 0.000473196782262
supersport.com 1 6.75995403231e-05
sakshi.net 6 0.000405597241939
htmlgoodies.com 1 6.75995403231e-05
contextweb.com 5 0.000337997701616
dzone.com 1 6.75995403231e-05
pubmatic.com 14 0.000946393564524
imageg.net 1 6.75995403231e-05
lp4.io 10 0.000675995403231
abc.com 16 0.00108159264517
pingdom.com 4 0.000270398161293
nbcnews.com 58 0.00392077333874
rambler.ru 152 0.0102751301291
d9ae99824.se 1 6.75995403231e-05
ndtvimg.com 8 0.000540796322585
statcounter.com 97 0.00655715541134
pathofexile.com 3 0.000202798620969
minijuegosgratis.com 1 6.75995403231e-05
media.net 20 0.00135199080646
random-gal.com 3 0.000202798620969
realitatea.net 2 0.000135199080646
getfavicon.appspot.com 5 0.000337997701616
circularhub.com 5 0.000337997701616
cstatic.net 1 6.75995403231e-05
scanalert.com 23 0.00155478942743
pho.to 14 0.000946393564524
pinterest.com 187 0.0126411140404
twitter-badges.s3.amazonaws.com 1 6.75995403231e-05
zedo.com 94 0.00635435679037
himediads.com 9 0.000608395862908
msn.com 18 0.00121679172582
tqlkg.com 1 6.75995403231e-05
sharethis.com 212 0.0143311025485
193.164.197.40. 29 0.00196038666937
postimage.org 1 6.75995403231e-05
optimizely.com 708 0.0478604745488
audienceiq.com 2 0.000135199080646
digg.com 15 0.00101399310485
d7lavoz.s3.amazonaws.com 1 6.75995403231e-05
usa.gov 25 0.00168998850808
directrev.com 18 0.00121679172582
quantserve.com 404 0.0273102142905
yieldoptimizer.com 2 0.000135199080646
curse.com 3 0.000202798620969
mailchimp.com 19 0.00128439126614
tinypic.com 47 0.00317717839519
viooz.co 4 0.000270398161293
vk.com 81 0.00547556276617
outbrain.com 138 0.00932873656459
youtube.com 177 0.0119651186372
boomads.com 3 0.000202798620969
magazineluiza.com.br 1 6.75995403231e-05
ypcdn.com 1 6.75995403231e-05
pro-market.net 22 0.00148718988711
insightexpressai.com 30 0.00202798620969
mediaforge.com 22 0.00148718988711
tynt.com 26 0.0017575880484
expansion.com 2 0.000135199080646
squarespace.com 16 0.00108159264517
vente-privee-analytics.com 1 6.75995403231e-05
blogads.com 1 6.75995403231e-05
interclick.com 5 0.000337997701616
reddit.com 21 0.00141959034679
mediaplex.com 6 0.000405597241939
cuantarazon.com 4 0.000270398161293
indeed.com 4 0.000270398161293
adblade.com 17 0.00114919218549
rubiconproject.com 44 0.00297437977422
canberratimes.com.au 1 6.75995403231e-05
khabarfarsi.com 1 6.75995403231e-05
gamespot.com.cn 4 0.000270398161293
tachthongtin.com 1 6.75995403231e-05
persgroep.be 6 0.000405597241939
i24.cc 1 6.75995403231e-05
adform.net 11 0.000743594943554
bizographics.com 6 0.000405597241939
adtech.de 29 0.00196038666937
theoatmeal.com 1 6.75995403231e-05
195.68.160.166. 3 0.000202798620969
dnfp6oyord4uf.cloudfront.net 1 6.75995403231e-05
voicefive.com 3 0.000202798620969
360.cn 6 0.000405597241939
tripadvisor.com 21 0.00141959034679
adap.tv 9 0.000608395862908
usps.com 6 0.000405597241939
surveymonkey.com 6 0.000405597241939
fastclick.net 38 0.00256878253228
craigslist.org 10 0.000675995403231
asiaone.com 1 6.75995403231e-05
logmein.com 43 0.00290678023389
walmart.com 10 0.000675995403231
fnac.com 65 0.004393970121
yandex.st 15 0.00101399310485
cdnnordea.com 1 6.75995403231e-05
sinauda.com 4 0.000270398161293
luxnet.ua 2 0.000135199080646
skype.com 16 0.00108159264517
google.com.vn 8 0.000540796322585
qip.ru 5 0.000337997701616
wordpress.com 1127 0.0761846819442
gsimedia.net 6 0.000405597241939
yieldmanager.com 7 0.000473196782262
yandex.ru 208 0.0140607043872
comcast.net 12 0.000811194483878
knet.cn 15 0.00101399310485
sscdn.co 1 6.75995403231e-05
netshelter.net 6 0.000405597241939
terra.com.br 6 0.000405597241939
amazon.fr 13 0.000878794024201
mozilla.org 100 0.00675995403231
channelintelligence.com 19 0.00128439126614
stumbleupon.com 18 0.00121679172582
google.com.my 6 0.000405597241939
bemobile.ua 1 6.75995403231e-05
vnecdn.net 7 0.000473196782262
cars.com 9 0.000608395862908
smartadserver.com 76 0.00513756506456
livedoor.com 37 0.00250118299196
ad4game.com 1 6.75995403231e-05
iesnare.com 4 0.000270398161293
cheki.com.ng 1 6.75995403231e-05
imageshack.us 89 0.00601635908876
zvents.com 5 0.000337997701616
aspnetcdn.com 24 0.00162238896776
google.com.sa 5 0.000337997701616
pcmag.com 1 6.75995403231e-05
allyes.com 111 0.00750354897587
imrworldwide.com 162 0.0109511255323
yahoo.com 84 0.00567836138714
pbimgs.com 75 0.00506996552423
atwola.com 1 6.75995403231e-05
intellitxt.com 32 0.00216318529034
j-a-net.jp 1 6.75995403231e-05
watoday.com.au 1 6.75995403231e-05
zdbb.net 25 0.00168998850808
aol.com 4 0.000270398161293
ebz.io 22 0.00148718988711
yadro.ru 98 0.00662475495167
canadaalltax.com 1 6.75995403231e-05
oewabox.at 13 0.000878794024201
redcdn.pl 1 6.75995403231e-05
pixnet.cc 13 0.000878794024201
ultimedia.com 4 0.000270398161293
gazeta.pl 215 0.0145339011695
bing.com 12 0.000811194483878
amgdgt.com 7 0.000473196782262
ivillage.com 11 0.000743594943554
theknot.com 5 0.000337997701616
csstatic.com 51 0.00344757655648
193.164.197.60. 13 0.000878794024201
kinja.com 44 0.00297437977422
serving-sys.com 37 0.00250118299196
usmagazine.com 4 0.000270398161293
uploading.com 1 6.75995403231e-05
fmpub.net 31 0.00209558575002
upw-prod-images.global.ssl.fastly.net 15 0.00101399310485
vente-privee.com 2 0.000135199080646
cimg.in 3 0.000202798620969
archdaily.net 158 0.0106807273711
cwan.com 3 0.000202798620969
adingo.jp 14 0.000946393564524
adreactor.com 5 0.000337997701616
tentaculos.net 12 0.000811194483878
scorecardresearch.com 351 0.0237274386534
cdnblog.fr 15 0.00101399310485
richrelevance.com 47 0.00317717839519
popcash.net 5 0.000337997701616
ca-mpr.jp 1 6.75995403231e-05
ist-track.com 3 0.000202798620969
193.164.196.60. 13 0.000878794024201
baidu.com 164 0.011086324613
gumgum.com 28 0.00189278712905
ivwbox.de 44 0.00297437977422
bizrate.com 21 0.00141959034679
jabong.com 11 0.000743594943554
addthis.com 591 0.039951328331
195.68.160.95. 4 0.000270398161293
aufeminin.com 33 0.00223078483066
demdex.net 22 0.00148718988711
bleepstatic.com 8 0.000540796322585
csdata1.com 6 0.000405597241939
mybuys.com 54 0.00365037517745
dafiti.com.br 2 0.000135199080646
imgur.com 147 0.0099371324275
pingdom.net 32 0.00216318529034
waterfrontmedia.com 5 0.000337997701616
newsinc.com 58 0.00392077333874
gigya.com 189 0.0127763131211
bleacherreport.net 11 0.000743594943554
microsoft.com 23 0.00155478942743
wefiles.net 1 6.75995403231e-05
clip.com.vn 2 0.000135199080646
bestofmicro.com 3 0.000202798620969
polldaddy.com 25 0.00168998850808
taboola.com 17 0.00114919218549
bbb.org 11 0.000743594943554
sensis.com.au 1 6.75995403231e-05
cloudflare.com 243 0.0164266882985
ayads.co 6 0.000405597241939
doubleclick.net 642 0.0433989048874
uimserv.net 1 6.75995403231e-05
specificclick.net 3 0.000202798620969
po.st 38 0.00256878253228
lijit.com 20 0.00135199080646
google.fr 5 0.000337997701616
ad6media.fr 13 0.000878794024201
adtechus.com 22 0.00148718988711
typography.com 21 0.00141959034679
bbc.co.uk 9 0.000608395862908
recaptcha.net 4 0.000270398161293
zemanta.com 3 0.000202798620969
tumblr.com 52 0.0035151760968
sbnation.com 17 0.00114919218549
levexis.com 3 0.000202798620969
pop-music.ir 1 6.75995403231e-05
alicdn.com 48 0.00324477793551
mywebsearch.com 7 0.000473196782262
servebom.com 5 0.000337997701616
ebay.com 44 0.00297437977422
informer.com 11 0.000743594943554
taboolasyndication.com 32 0.00216318529034
mail.ru 46 0.00310957885486
trackalyzer.com 8 0.000540796322585
nanigans.com 6 0.000405597241939
google.co.in 8 0.000540796322585
cbsi.com 18 0.00121679172582
twitter.com 636 0.0429933076455
advertising.com 49 0.00331237747583
amazon-adsystem.com 96 0.00648955587102
truehits.net 2 0.000135199080646
d1mqe0bl913lpg.cloudfront.net 2 0.000135199080646
d1avok0lzls2w.cloudfront.net 2 0.000135199080646
looyu.com 1 6.75995403231e-05
imagefap.com 73 0.00493476644359
squidoocdn.com 93 0.00628675725005
turn.com 20 0.00135199080646
lavanetwork.net 1 6.75995403231e-05
scupio.com 2 0.000135199080646
cafepress.com 4 0.000270398161293
flyertown.ca 4 0.000270398161293
xiti.com 4 0.000270398161293
sulia.com 2 0.000135199080646
nk-img.com 11 0.000743594943554
radikal.ru 9 0.000608395862908
twitpic.com 2 0.000135199080646
uaprom.net 2 0.000135199080646
mixi.jp 5 0.000337997701616
lavozdelinterior.com.ar 5 0.000337997701616
mmafighting.com 4 0.000270398161293
tendatta.com 2 0.000135199080646
click.ro 2 0.000135199080646
dfo9svwruwoho.cloudfront.net 2 0.000135199080646
facebook.com 603 0.0407625228148
195.68.160.183. 2 0.000135199080646
tapad.com 2 0.000135199080646
adgear.com 4 0.000270398161293
fwmrm.net 1 6.75995403231e-05
bstatic.com 30 0.00202798620969
mathtag.com 27 0.00182518758872
google.com.pk 8 0.000540796322585
google.com.ph 3 0.000202798620969
kwejk.pl 1 6.75995403231e-05
sogou.com 9 0.000608395862908
domainstatic.com.au 5 0.000337997701616
======================================================================


The pie diagram for the identifier locations
--------------------------------------------------
[['cookie', 225], ['param', 127], ['cookie and param', 10]]
======================================================================


The number of referred hosts for each tracking host
--------------------------------------------------
cdninstagram.com 3
adsonar.com 9
questionmarket.com 6
intellitxt.com 12
atdmt.com 19
advombat.ru 2
liveperson.net 10
du3vkre908mr5.cloudfront.net 1
demandbase.com 4
adtech.de 7
5min.com 8
xingcloud.com 1
getfavicon.appspot.com 1
exelator.com 20
m2pub.com 1
tfd.com 3
maps.googleapis.com 9
pho.to 1
stirileprotv.ro 3
spotxchange.com 2
lekkigardens.com 1
flickr.com 3
photobucket.com 11
rfihub.com 6
pricegrabber.com 2
casalemedia.com 5
tvlcdn.com 1
mtvnservices.com 5
sogou.com 2
allcdn.net 1
impact-ad.jp 1
chitika.net 3
postimg.org 2
vkontakte.ru 5
ioam.de 54
xnxx.com 1
ero-advertising.com 7
tiqcdn.com 14
popin.cc 2
ubr.ua 1
adobe.com 23
deviantart.net 1
skimresources.com 28
sina.com.cn 2
yamojir.com 1
mzstatic.com 2
hostgator.com 1
crwdcntrl.net 46
ukr.net 4
google.com.hk 1
kuaibo.com 2
glam.com 6
fastpic.ru 1
simpli.fi 4
beringmedia.com 1
bankia.es 1
yahoo.co.jp 11
sstatic.net 2
clickfuse.com 4
adscale.de 3
wsj.com 1
civicscience.com 3
mmstat.com 3
82.222.152.134. 1
ebayrtm.com 3
wtp101.com 4
google.es 6
revsci.net 57
qq.com 22
paypal.com 8
performgroup.com 23
bpsecure.com 1
turner.com 7
nx.com 1
elmundo.es 1
am15.net 1
swoop.com 2
trb.com 3
google.ru 1
allegro.pl 3
ookla.com 1
linkedin.com 58
expedia.com 2
yatra.com 2
skinected.com 1
adnxs.com 28
contextweb.com 2
adnetwork.vn 1
ning.com 4
rtv.net 1
go.com 3
estat.com 16
marca.com 3
netsolssl.com 1
logmein.com 1
api.tv 2
dmtracker.com 7
ivillage.com 2
criteo.com 22
trbimg.com 3
media6degrees.com 3
ebay.fr 1
standaardcdn.be 1
supersport.com 1
sakshi.net 1
htmlgoodies.com 1
uploading.com 1
dzone.com 1
pubmatic.com 5
imageg.net 1
lp4.io 4
abc.com 1
pingdom.com 2
nbcnews.com 4
rambler.ru 39
d9ae99824.se 1
ndtvimg.com 1
statcounter.com 32
pathofexile.com 1
minijuegosgratis.com 1
media.net 5
trackalyzer.com 3
random-gal.com 1
realitatea.net 1
flyertown.ca 3
circularhub.com 4
195.68.160.161. 1
scanalert.com 20
wordpress.com 63
pinterest.com 79
twitter-badges.s3.amazonaws.com 1
zedo.com 40
himediads.com 2
msn.com 5
tqlkg.com 1
sharethis.com 77
193.164.197.40. 1
postimage.org 1
optimizely.com 222
audienceiq.com 1
digg.com 2
d7lavoz.s3.amazonaws.com 1
usa.gov 4
directrev.com 8
quantserve.com 140
yieldoptimizer.com 2
curse.com 1
mailchimp.com 7
tinypic.com 5
viooz.co 1
vk.com 34
outbrain.com 59
youtube.com 32
boomads.com 1
magazineluiza.com.br 1
ypcdn.com 1
pro-market.net 9
insightexpressai.com 9
comcast.net 1
tynt.com 12
tentaculos.net 2
squarespace.com 2
vente-privee-analytics.com 1
blogads.com 1
interclick.com 5
reddit.com 9
mediaplex.com 6
cuantarazon.com 1
indeed.com 2
adblade.com 7
rubiconproject.com 21
canberratimes.com.au 1
khabarfarsi.com 1
gamespot.com.cn 2
tachthongtin.com 1
persgroep.be 2
i24.cc 1
adform.net 6
jsrdn.com 2
theoatmeal.com 1
195.68.160.166. 1
dnfp6oyord4uf.cloudfront.net 1
360.cn 5
tripadvisor.com 2
adap.tv 2
usps.com 2
surveymonkey.com 1
fastclick.net 14
craigslist.org 3
asiaone.com 1
infolinks.com 12
walmart.com 3
fnac.com 2
yandex.st 4
cdnnordea.com 1
sinauda.com 1
luxnet.ua 1
skype.com 4
google.com.vn 3
qip.ru 1
gsimedia.net 2
yieldmanager.com 7
ca-mpr.jp 1
mediaforge.com 9
knet.cn 11
sscdn.co 1
netshelter.net 2
terra.com.br 2
amazon.fr 2
mozilla.org 1
channelintelligence.com 4
stumbleupon.com 5
google.com.my 3
bemobile.ua 1
vnecdn.net 1
cars.com 1
amgdgt.com 3
livedoor.com 3
ad4game.com 1
iesnare.com 4
cheki.com.ng 1
imageshack.us 5
zvents.com 4
aspnetcdn.com 8
google.com.sa 3
pcmag.com 1
allyes.com 6
imrworldwide.com 50
yahoo.com 16
pbimgs.com 1
addthis.com 222
apple.com 4
j-a-net.jp 1
watoday.com.au 1
zdbb.net 5
aol.com 3
ebz.io 8
yadro.ru 49
cstatic.net 1
canadaalltax.com 1
oewabox.at 4
redcdn.pl 1
pixnet.cc 1
ultimedia.com 1
bing.com 3
smartadserver.com 22
adsrvr.org 7
theknot.com 1
csstatic.com 2
193.164.197.60. 1
kinja.com 8
serving-sys.com 21
usmagazine.com 1
gazeta.pl 3
fmpub.net 11
upw-prod-images.global.ssl.fastly.net 1
vente-privee.com 1
cimg.in 1
archdaily.net 1
cwan.com 1
adingo.jp 4
adreactor.com 3
expansion.com 1
scorecardresearch.com 112
cdnblog.fr 1
richrelevance.com 16
popcash.net 1
yandex.ru 71
ist-track.com 2
193.164.196.60. 1
baidu.com 56
gumgum.com 10
ivwbox.de 15
bizrate.com 9
jabong.com 2
atwola.com 1
195.68.160.95. 1
aufeminin.com 2
demdex.net 11
bleepstatic.com 1
csdata1.com 3
mybuys.com 7
dafiti.com.br 2
imgur.com 23
pingdom.net 10
waterfrontmedia.com 1
newsinc.com 20
gigya.com 57
bleacherreport.net 1
microsoft.com 5
clip.com.vn 1
bestofmicro.com 1
polldaddy.com 14
taboola.com 6
bbb.org 11
sensis.com.au 1
cloudflare.com 60
ayads.co 2
doubleclick.net 172
uimserv.net 1
specificclick.net 3
po.st 17
lijit.com 6
google.fr 3
voicefive.com 3
adtechus.com 13
typography.com 11
ad6media.fr 5
bbc.co.uk 4
recaptcha.net 4
zemanta.com 2
tumblr.com 15
sbnation.com 6
levexis.com 3
pop-music.ir 1
alicdn.com 3
mywebsearch.com 3
servebom.com 2
ebay.com 9
informer.com 2
taboolasyndication.com 8
mail.ru 18
bizographics.com 5
nanigans.com 6
google.co.in 3
cbsi.com 10
twitter.com 253
advertising.com 28
amazon-adsystem.com 25
truehits.net 1
d1mqe0bl913lpg.cloudfront.net 2
d1avok0lzls2w.cloudfront.net 1
looyu.com 1
imagefap.com 2
squidoocdn.com 1
turn.com 14
lavanetwork.net 1
scupio.com 2
cafepress.com 1
xiti.com 4
sulia.com 1
google.com.pk 3
radikal.ru 4
twitpic.com 2
uaprom.net 1
mixi.jp 2
lavozdelinterior.com.ar 1
mmafighting.com 1
tendatta.com 2
click.ro 1
dfo9svwruwoho.cloudfront.net 1
facebook.com 49
195.68.160.183. 1
tapad.com 1
adgear.com 1
fwmrm.net 1
bstatic.com 2
mathtag.com 16
nk-img.com 1
google.com.ph 2
kwejk.pl 1
wefiles.net 1
domainstatic.com.au 1
